INFO pageone.views 01-02-2024 20:00:41 views 25478 123145585504256 /Users/syscom/PycharmProjects/DPL/pageone/views.py@11: Index page accessed[0m
INFO pageone.views 01-02-2024 20:01:48 views 25478 123145602293760 /Users/syscom/PycharmProjects/DPL/pageone/views.py@15: Contacts page accessed[0m
INFO pageone.views 01-02-2024 20:02:00 views 25478 123145602293760 /Users/syscom/PycharmProjects/DPL/pageone/views.py@11: Index page accessed[0m
INFO pageone.views 01-02-2024 20:13:58 views 25666 123145336991744 /Users/syscom/PycharmProjects/DPL/pageone/views.py@11: Index page accessed[0m
INFO pageone.views 01-02-2024 20:14:13 views 25666 123145336991744 /Users/syscom/PycharmProjects/DPL/pageone/views.py@15: Contacts page accessed[0m
INFO pageone.views 01-02-2024 20:14:31 views 25666 123145336991744 /Users/syscom/PycharmProjects/DPL/pageone/views.py@11: Index page accessed[0m
INFO pageone.views 01-02-2024 20:14:32 views 25666 123145336991744 /Users/syscom/PycharmProjects/DPL/pageone/views.py@15: Contacts page accessed[0m
INFO pageone.views 01-02-2024 20:14:34 views 25666 123145336991744 /Users/syscom/PycharmProjects/DPL/pageone/views.py@11: Index page accessed[0m
INFO pageone.views 01-02-2024 20:15:03 views 25666 123145336991744 /Users/syscom/PycharmProjects/DPL/pageone/views.py@15: Contacts page accessed[0m
INFO pageone.views 01-02-2024 20:15:05 views 25666 123145336991744 /Users/syscom/PycharmProjects/DPL/pageone/views.py@11: Index page accessed[0m
INFO pageone.views 01-02-2024 20:15:07 views 25666 123145336991744 /Users/syscom/PycharmProjects/DPL/pageone/views.py@15: Contacts page accessed[0m
INFO pageone.views 01-02-2024 20:16:23 views 25666 123145336991744 /Users/syscom/PycharmProjects/DPL/pageone/views.py@11: Index page accessed[0m
INFO pageone.views 01-02-2024 20:16:26 views 25666 123145336991744 /Users/syscom/PycharmProjects/DPL/pageone/views.py@15: Contacts page accessed[0m
INFO pageone.views 01-02-2024 20:21:03 views 25666 123145336991744 /Users/syscom/PycharmProjects/DPL/pageone/views.py@15: Contacts page accessed[0m
INFO pageone.views 01-02-2024 20:21:14 views 25666 123145420939264 /Users/syscom/PycharmProjects/DPL/pageone/views.py@15: Contacts page accessed[0m
INFO pageone.views 01-02-2024 20:21:16 views 25666 123145420939264 /Users/syscom/PycharmProjects/DPL/pageone/views.py@11: Index page accessed[0m
INFO pageone.views 01-02-2024 20:21:21 views 25666 123145420939264 /Users/syscom/PycharmProjects/DPL/pageone/views.py@15: Contacts page accessed[0m
INFO pageone.views 01-02-2024 20:21:54 views 25666 123145420939264 /Users/syscom/PycharmProjects/DPL/pageone/views.py@15: Contacts page accessed[0m
INFO pageone.views 01-02-2024 20:21:56 views 25666 123145420939264 /Users/syscom/PycharmProjects/DPL/pageone/views.py@11: Index page accessed[0m
INFO pageone.views 06-02-2024 13:30:44 views 18916 123145401061376 /Users/syscom/PycharmProjects/DPL/pageone/views.py@11: Index page accessed[0m
INFO pageone.views 06-02-2024 13:30:48 views 18916 123145401061376 /Users/syscom/PycharmProjects/DPL/pageone/views.py@11: Index page accessed[0m
INFO pageone.views 06-02-2024 13:37:42 views 18916 123145401061376 /Users/syscom/PycharmProjects/DPL/pageone/views.py@11: Index page accessed[0m
INFO pageone.views 06-02-2024 16:17:58 views 20283 123145342775296 /Users/syscom/PycharmProjects/DPL/pageone/views.py@11: Index page accessed[0m
INFO pageone.views 06-02-2024 16:18:09 views 20283 123145359564800 /Users/syscom/PycharmProjects/DPL/pageone/views.py@15: Contacts page accessed[0m
INFO pageone.views 06-02-2024 16:18:15 views 20283 123145359564800 /Users/syscom/PycharmProjects/DPL/pageone/views.py@11: Index page accessed[0m
INFO pageone.views 07-02-2024 12:48:53 views 24216 123145484804096 /Users/syscom/PycharmProjects/DPL/pageone/views.py@11: Index page accessed[0m
INFO pageone.views 07-02-2024 14:58:34 views 25938 123145336606720 /Users/syscom/PycharmProjects/DPL/pageone/views.py@11: Index page accessed[0m
INFO pageone.views 07-02-2024 14:58:45 views 25938 123145353396224 /Users/syscom/PycharmProjects/DPL/pageone/views.py@15: Contacts page accessed[0m
INFO pageone.views 07-02-2024 14:58:54 views 25938 123145353396224 /Users/syscom/PycharmProjects/DPL/pageone/views.py@11: Index page accessed[0m
INFO pageone.views 07-02-2024 15:00:26 views 25966 123145503862784 /Users/syscom/PycharmProjects/DPL/pageone/views.py@11: Index page accessed[0m
INFO pageone.views 07-02-2024 15:00:43 views 25966 123145503862784 /Users/syscom/PycharmProjects/DPL/pageone/views.py@11: Index page accessed[0m
INFO pageone.views 07-02-2024 15:00:45 views 25966 123145503862784 /Users/syscom/PycharmProjects/DPL/pageone/views.py@15: Contacts page accessed[0m
INFO pageone.views 07-02-2024 15:04:59 views 26011 123145452851200 /Users/syscom/PycharmProjects/DPL/pageone/views.py@11: Index page accessed[0m
INFO pageone.views 07-02-2024 15:05:05 views 26011 123145452851200 /Users/syscom/PycharmProjects/DPL/pageone/views.py@15: Contacts page accessed[0m
INFO pageone.views 07-02-2024 15:05:07 views 26011 123145452851200 /Users/syscom/PycharmProjects/DPL/pageone/views.py@11: Index page accessed[0m
INFO pageone.views 07-02-2024 16:05:38 views 26602 123145416679424 /Users/syscom/PycharmProjects/DPL/pageone/views.py@11: Index page accessed[0m
INFO pageone.views 07-02-2024 16:25:23 views 26670 123145576939520 /Users/syscom/PycharmProjects/DPL/pageone/views.py@11: Index page accessed[0m
INFO pageone.views 07-02-2024 16:25:27 views 26670 123145576939520 /Users/syscom/PycharmProjects/DPL/pageone/views.py@11: Index page accessed[0m
INFO pageone.views 07-02-2024 16:30:53 views 26670 123145576939520 /Users/syscom/PycharmProjects/DPL/pageone/views.py@11: Index page accessed[0m
INFO pageone.views 07-02-2024 16:32:38 views 26948 123145551818752 /Users/syscom/PycharmProjects/DPL/pageone/views.py@11: Index page accessed[0m
INFO pageone.views 07-02-2024 16:32:41 views 26948 123145568608256 /Users/syscom/PycharmProjects/DPL/pageone/views.py@15: Contacts page accessed[0m
INFO pageone.views 07-02-2024 16:32:44 views 26948 123145551818752 /Users/syscom/PycharmProjects/DPL/pageone/views.py@11: Index page accessed[0m
INFO pageone.views 07-02-2024 16:42:43 views 27085 123145384808448 /Users/syscom/PycharmProjects/DPL/pageone/views.py@11: Index page accessed[0m
INFO pageone.views 07-02-2024 17:22:12 views 27486 123145342111744 /Users/syscom/PycharmProjects/DPL/pageone/views.py@11: Index page accessed[0m
INFO pageone.views 07-02-2024 17:22:18 views 27486 123145342111744 /Users/syscom/PycharmProjects/DPL/pageone/views.py@15: Contacts page accessed[0m
INFO pageone.views 07-02-2024 17:22:37 views 27486 123145358901248 /Users/syscom/PycharmProjects/DPL/pageone/views.py@11: Index page accessed[0m
INFO pageone.views 07-02-2024 17:28:21 views 27599 123145398038528 /Users/syscom/PycharmProjects/DPL/pageone/views.py@11: Index page accessed[0m
INFO pageone.views 07-02-2024 17:32:10 views 27683 123145501474816 /Users/syscom/PycharmProjects/DPL/pageone/views.py@11: Index page accessed[0m
INFO pageone.views 07-02-2024 17:36:55 views 27683 123145501474816 /Users/syscom/PycharmProjects/DPL/pageone/views.py@11: Index page accessed[0m
INFO pageone.views 07-02-2024 17:36:57 views 27683 123145518264320 /Users/syscom/PycharmProjects/DPL/pageone/views.py@11: Index page accessed[0m
INFO pageone.views 07-02-2024 17:37:18 views 27754 123145468239872 /Users/syscom/PycharmProjects/DPL/pageone/views.py@11: Index page accessed[0m
INFO pageone.views 07-02-2024 18:34:13 views 28595 123145450377216 /Users/syscom/PycharmProjects/DPL/pageone/views.py@11: Index page accessed[0m
INFO pageone.views 07-02-2024 18:35:15 views 28595 123145450377216 /Users/syscom/PycharmProjects/DPL/pageone/views.py@11: Index page accessed[0m
INFO pageone.views 07-02-2024 18:36:42 views 28595 123145450377216 /Users/syscom/PycharmProjects/DPL/pageone/views.py@11: Index page accessed[0m
INFO pageone.views 07-02-2024 18:38:33 views 28595 123145450377216 /Users/syscom/PycharmProjects/DPL/pageone/views.py@11: Index page accessed[0m
INFO pageone.views 07-02-2024 18:38:39 views 28595 123145450377216 /Users/syscom/PycharmProjects/DPL/pageone/views.py@11: Index page accessed[0m
INFO pageone.views 07-02-2024 18:41:26 views 28595 123145450377216 /Users/syscom/PycharmProjects/DPL/pageone/views.py@15: Contacts page accessed[0m
INFO pageone.views 07-02-2024 18:41:37 views 28595 123145450377216 /Users/syscom/PycharmProjects/DPL/pageone/views.py@11: Index page accessed[0m
INFO pageone.views 07-02-2024 18:43:50 views 28731 123145364226048 /Users/syscom/PycharmProjects/DPL/pageone/views.py@11: Index page accessed[0m
INFO pageone.views 07-02-2024 18:43:52 views 28731 123145364226048 /Users/syscom/PycharmProjects/DPL/pageone/views.py@11: Index page accessed[0m
INFO pageone.views 07-02-2024 18:44:06 views 28731 123145364226048 /Users/syscom/PycharmProjects/DPL/pageone/views.py@15: Contacts page accessed[0m
INFO pageone.views 07-02-2024 18:51:56 views 28731 123145364226048 /Users/syscom/PycharmProjects/DPL/pageone/views.py@15: Contacts page accessed[0m
INFO pageone.views 07-02-2024 18:56:50 views 28909 123145490141184 /Users/syscom/PycharmProjects/DPL/pageone/views.py@12: Index page accessed[0m
INFO pagedb.views 07-02-2024 18:56:53 views 28909 123145490141184 /Users/syscom/PycharmProjects/DPL/pagedb/views.py@12: Car page accessed[0m
INFO pagedb.views 07-02-2024 18:58:11 views 28952 123145452072960 /Users/syscom/PycharmProjects/DPL/pagedb/views.py@12: Car page accessed[0m
INFO pagedb.views 07-02-2024 18:58:12 views 28952 123145452072960 /Users/syscom/PycharmProjects/DPL/pagedb/views.py@12: Car page accessed[0m
INFO pagedb.views 07-02-2024 18:58:13 views 28952 123145452072960 /Users/syscom/PycharmProjects/DPL/pagedb/views.py@12: Car page accessed[0m
INFO pageone.views 07-02-2024 18:58:17 views 28952 123145452072960 /Users/syscom/PycharmProjects/DPL/pageone/views.py@12: Index page accessed[0m
INFO pageone.views 07-02-2024 19:04:24 views 29039 123145577132032 /Users/syscom/PycharmProjects/DPL/pageone/views.py@12: Index page accessed[0m
INFO pagedb.views 07-02-2024 19:04:31 views 29039 123145577132032 /Users/syscom/PycharmProjects/DPL/pagedb/views.py@12: Car page accessed[0m
INFO pageone.views 07-02-2024 19:04:40 views 29039 123145577132032 /Users/syscom/PycharmProjects/DPL/pageone/views.py@17: Contacts page accessed[0m
INFO pageone.views 07-02-2024 19:08:29 views 29109 123145499111424 /Users/syscom/PycharmProjects/DPL/pageone/views.py@12: Index page accessed[0m
INFO pagedb.views 07-02-2024 19:08:33 views 29109 123145499111424 /Users/syscom/PycharmProjects/DPL/pagedb/views.py@12: Car page accessed[0m
INFO pagedb.views 07-02-2024 19:11:21 views 29109 123145499111424 /Users/syscom/PycharmProjects/DPL/pagedb/views.py@12: Car page accessed[0m
INFO pagedb.views 07-02-2024 19:11:45 views 29109 123145499111424 /Users/syscom/PycharmProjects/DPL/pagedb/views.py@12: Car page accessed[0m
INFO pageone.views 07-02-2024 19:15:20 views 29109 123145499111424 /Users/syscom/PycharmProjects/DPL/pageone/views.py@12: Index page accessed[0m
INFO pageone.views 07-02-2024 19:15:22 views 29109 123145499111424 /Users/syscom/PycharmProjects/DPL/pageone/views.py@12: Index page accessed[0m
INFO pagedb.views 07-02-2024 19:15:27 views 29109 123145499111424 /Users/syscom/PycharmProjects/DPL/pagedb/views.py@12: Car page accessed[0m
INFO pagedb.views 07-02-2024 19:16:03 views 29109 123145499111424 /Users/syscom/PycharmProjects/DPL/pagedb/views.py@12: Car page accessed[0m
INFO pagedb.views 07-02-2024 19:17:33 views 29109 123145499111424 /Users/syscom/PycharmProjects/DPL/pagedb/views.py@12: Car page accessed[0m
INFO pageone.views 07-02-2024 19:18:17 views 29109 123145499111424 /Users/syscom/PycharmProjects/DPL/pageone/views.py@12: Index page accessed[0m
INFO pageone.views 07-02-2024 19:18:52 views 29109 123145499111424 /Users/syscom/PycharmProjects/DPL/pageone/views.py@12: Index page accessed[0m
INFO pageone.views 07-02-2024 19:19:48 views 29109 123145499111424 /Users/syscom/PycharmProjects/DPL/pageone/views.py@12: Index page accessed[0m
INFO pageone.views 07-02-2024 19:19:49 views 29109 123145499111424 /Users/syscom/PycharmProjects/DPL/pageone/views.py@12: Index page accessed[0m
INFO pagedb.views 07-02-2024 19:19:56 views 29109 123145499111424 /Users/syscom/PycharmProjects/DPL/pagedb/views.py@12: Car page accessed[0m
INFO pageone.views 07-02-2024 19:20:18 views 29109 123145499111424 /Users/syscom/PycharmProjects/DPL/pageone/views.py@17: Contacts page accessed[0m
INFO pageone.views 07-02-2024 19:20:36 views 29109 123145499111424 /Users/syscom/PycharmProjects/DPL/pageone/views.py@12: Index page accessed[0m
INFO pageone.views 07-02-2024 19:21:29 views 29109 123145499111424 /Users/syscom/PycharmProjects/DPL/pageone/views.py@12: Index page accessed[0m
INFO pageone.views 07-02-2024 19:22:41 views 29109 123145499111424 /Users/syscom/PycharmProjects/DPL/pageone/views.py@12: Index page accessed[0m
INFO pageone.views 07-02-2024 19:23:16 views 29109 123145499111424 /Users/syscom/PycharmProjects/DPL/pageone/views.py@12: Index page accessed[0m
INFO pagedb.views 07-02-2024 19:23:31 views 29109 123145499111424 /Users/syscom/PycharmProjects/DPL/pagedb/views.py@12: Car page accessed[0m
INFO pageone.views 07-02-2024 19:24:33 views 29109 123145499111424 /Users/syscom/PycharmProjects/DPL/pageone/views.py@12: Index page accessed[0m
INFO pagedb.views 07-02-2024 19:24:46 views 29109 123145499111424 /Users/syscom/PycharmProjects/DPL/pagedb/views.py@12: Car page accessed[0m
INFO pageone.views 07-02-2024 19:25:53 views 29109 123145499111424 /Users/syscom/PycharmProjects/DPL/pageone/views.py@12: Index page accessed[0m
INFO pageone.views 07-02-2024 19:37:43 views 29109 123145499111424 /Users/syscom/PycharmProjects/DPL/pageone/views.py@12: Index page accessed[0m
INFO pageone.views 07-02-2024 19:39:06 views 29496 123145411076096 /Users/syscom/PycharmProjects/DPL/pageone/views.py@12: Index page accessed[0m
INFO pageone.views 07-02-2024 19:42:37 views 29496 123145411076096 /Users/syscom/PycharmProjects/DPL/pageone/views.py@12: Index page accessed[0m
INFO pageone.views 07-02-2024 19:43:29 views 29496 123145427865600 /Users/syscom/PycharmProjects/DPL/pageone/views.py@12: Index page accessed[0m
INFO pageone.views 07-02-2024 21:27:38 views 29807 123145362927616 /Users/syscom/PycharmProjects/DPL/pageone/views.py@12: Index page accessed[0m
INFO pageone.views 07-02-2024 21:27:42 views 29807 123145362927616 /Users/syscom/PycharmProjects/DPL/pageone/views.py@12: Index page accessed[0m
INFO pageone.views 07-02-2024 21:29:10 views 29807 123145362927616 /Users/syscom/PycharmProjects/DPL/pageone/views.py@12: Index page accessed[0m
INFO pageone.views 07-02-2024 21:29:11 views 29807 123145362927616 /Users/syscom/PycharmProjects/DPL/pageone/views.py@12: Index page accessed[0m
INFO pageone.views 07-02-2024 21:29:35 views 29807 123145362927616 /Users/syscom/PycharmProjects/DPL/pageone/views.py@12: Index page accessed[0m
INFO pageone.views 07-02-2024 21:30:02 views 29807 123145362927616 /Users/syscom/PycharmProjects/DPL/pageone/views.py@12: Index page accessed[0m
INFO pageone.views 07-02-2024 21:41:19 views 29807 123145362927616 /Users/syscom/PycharmProjects/DPL/pageone/views.py@12: Index page accessed[0m
INFO pageone.views 07-02-2024 21:42:04 views 29807 123145362927616 /Users/syscom/PycharmProjects/DPL/pageone/views.py@12: Index page accessed[0m
INFO pageone.views 07-02-2024 21:42:05 views 29807 123145362927616 /Users/syscom/PycharmProjects/DPL/pageone/views.py@12: Index page accessed[0m
INFO pageone.views 07-02-2024 21:43:08 views 29807 123145362927616 /Users/syscom/PycharmProjects/DPL/pageone/views.py@12: Index page accessed[0m
INFO pageone.views 07-02-2024 21:44:35 views 29807 123145362927616 /Users/syscom/PycharmProjects/DPL/pageone/views.py@12: Index page accessed[0m
INFO pageone.views 07-02-2024 21:44:36 views 29807 123145362927616 /Users/syscom/PycharmProjects/DPL/pageone/views.py@12: Index page accessed[0m
INFO pageone.views 07-02-2024 21:47:23 views 29807 123145362927616 /Users/syscom/PycharmProjects/DPL/pageone/views.py@12: Index page accessed[0m
INFO pageone.views 07-02-2024 21:49:25 views 29807 123145362927616 /Users/syscom/PycharmProjects/DPL/pageone/views.py@12: Index page accessed[0m
INFO pageone.views 07-02-2024 21:49:28 views 29807 123145362927616 /Users/syscom/PycharmProjects/DPL/pageone/views.py@12: Index page accessed[0m
INFO pageone.views 07-02-2024 21:49:28 views 29807 123145362927616 /Users/syscom/PycharmProjects/DPL/pageone/views.py@12: Index page accessed[0m
INFO pageone.views 07-02-2024 21:49:59 views 29807 123145362927616 /Users/syscom/PycharmProjects/DPL/pageone/views.py@12: Index page accessed[0m
INFO pageone.views 07-02-2024 21:51:40 views 29807 123145362927616 /Users/syscom/PycharmProjects/DPL/pageone/views.py@12: Index page accessed[0m
INFO pageone.views 07-02-2024 21:51:42 views 29807 123145362927616 /Users/syscom/PycharmProjects/DPL/pageone/views.py@12: Index page accessed[0m
INFO pageone.views 07-02-2024 21:51:43 views 29807 123145362927616 /Users/syscom/PycharmProjects/DPL/pageone/views.py@12: Index page accessed[0m
INFO pageone.views 07-02-2024 21:51:43 views 29807 123145362927616 /Users/syscom/PycharmProjects/DPL/pageone/views.py@12: Index page accessed[0m
INFO pageone.views 07-02-2024 21:51:44 views 29807 123145362927616 /Users/syscom/PycharmProjects/DPL/pageone/views.py@12: Index page accessed[0m
INFO pageone.views 07-02-2024 21:53:08 views 29807 123145362927616 /Users/syscom/PycharmProjects/DPL/pageone/views.py@12: Index page accessed[0m
INFO pageone.views 07-02-2024 22:10:42 views 29807 123145362927616 /Users/syscom/PycharmProjects/DPL/pageone/views.py@12: Index page accessed[0m
INFO pageone.views 07-02-2024 22:10:45 views 29807 123145362927616 /Users/syscom/PycharmProjects/DPL/pageone/views.py@12: Index page accessed[0m
INFO pageone.views 07-02-2024 22:10:46 views 29807 123145362927616 /Users/syscom/PycharmProjects/DPL/pageone/views.py@12: Index page accessed[0m
INFO pageone.views 07-02-2024 22:10:47 views 29807 123145362927616 /Users/syscom/PycharmProjects/DPL/pageone/views.py@17: Contacts page accessed[0m
INFO pageone.views 07-02-2024 22:10:49 views 29807 123145362927616 /Users/syscom/PycharmProjects/DPL/pageone/views.py@12: Index page accessed[0m
INFO pagedb.views 07-02-2024 22:10:50 views 29807 123145362927616 /Users/syscom/PycharmProjects/DPL/pagedb/views.py@12: Car page accessed[0m
INFO pagedb.views 07-02-2024 22:11:48 views 29807 123145362927616 /Users/syscom/PycharmProjects/DPL/pagedb/views.py@12: Car page accessed[0m
INFO pagedb.views 07-02-2024 22:12:08 views 30364 123145502420992 /Users/syscom/PycharmProjects/DPL/pagedb/views.py@12: Car page accessed[0m
INFO pagedb.views 07-02-2024 22:12:11 views 30364 123145502420992 /Users/syscom/PycharmProjects/DPL/pagedb/views.py@12: Car page accessed[0m
INFO pagedb.views 07-02-2024 22:12:14 views 30364 123145502420992 /Users/syscom/PycharmProjects/DPL/pagedb/views.py@12: Car page accessed[0m
INFO pageone.views 07-02-2024 22:12:17 views 30364 123145502420992 /Users/syscom/PycharmProjects/DPL/pageone/views.py@12: Index page accessed[0m
INFO pageone.views 07-02-2024 22:12:24 views 30364 123145502420992 /Users/syscom/PycharmProjects/DPL/pageone/views.py@12: Index page accessed[0m
INFO pageone.views 07-02-2024 22:13:38 views 30364 123145502420992 /Users/syscom/PycharmProjects/DPL/pageone/views.py@12: Index page accessed[0m
INFO pageone.views 07-02-2024 22:13:43 views 30364 123145502420992 /Users/syscom/PycharmProjects/DPL/pageone/views.py@12: Index page accessed[0m
INFO pagedb.views 07-02-2024 22:14:05 views 30393 123145388109824 /Users/syscom/PycharmProjects/DPL/pagedb/views.py@12: Car page accessed[0m
INFO pageone.views 07-02-2024 22:14:07 views 30393 123145388109824 /Users/syscom/PycharmProjects/DPL/pageone/views.py@12: Index page accessed[0m
INFO pageone.views 07-02-2024 22:14:52 views 30393 123145388109824 /Users/syscom/PycharmProjects/DPL/pageone/views.py@12: Index page accessed[0m
INFO pageone.views 07-02-2024 22:21:09 views 30393 123145388109824 /Users/syscom/PycharmProjects/DPL/pageone/views.py@12: Index page accessed[0m
INFO pageone.views 07-02-2024 22:24:33 views 30393 123145388109824 /Users/syscom/PycharmProjects/DPL/pageone/views.py@12: Index page accessed[0m
INFO pageone.views 07-02-2024 22:24:35 views 30393 123145388109824 /Users/syscom/PycharmProjects/DPL/pageone/views.py@12: Index page accessed[0m
INFO pageone.views 07-02-2024 22:31:03 views 30393 123145388109824 /Users/syscom/PycharmProjects/DPL/pageone/views.py@12: Index page accessed[0m
INFO pageone.views 07-02-2024 22:31:04 views 30393 123145388109824 /Users/syscom/PycharmProjects/DPL/pageone/views.py@12: Index page accessed[0m
INFO pageone.views 07-02-2024 22:31:07 views 30393 123145388109824 /Users/syscom/PycharmProjects/DPL/pageone/views.py@17: Contacts page accessed[0m
INFO pageone.views 07-02-2024 22:31:10 views 30393 123145388109824 /Users/syscom/PycharmProjects/DPL/pageone/views.py@12: Index page accessed[0m
INFO pageone.views 07-02-2024 22:31:21 views 30393 123145388109824 /Users/syscom/PycharmProjects/DPL/pageone/views.py@12: Index page accessed[0m
INFO pageone.views 07-02-2024 22:31:44 views 30638 123145464426496 /Users/syscom/PycharmProjects/DPL/pageone/views.py@12: Index page accessed[0m
INFO pageone.views 07-02-2024 22:31:47 views 30638 123145464426496 /Users/syscom/PycharmProjects/DPL/pageone/views.py@12: Index page accessed[0m
INFO pageone.views 07-02-2024 22:32:35 views 30638 123145464426496 /Users/syscom/PycharmProjects/DPL/pageone/views.py@12: Index page accessed[0m
INFO pageone.views 07-02-2024 22:33:15 views 30638 123145464426496 /Users/syscom/PycharmProjects/DPL/pageone/views.py@12: Index page accessed[0m
INFO pageone.views 07-02-2024 22:34:02 views 30638 123145481216000 /Users/syscom/PycharmProjects/DPL/pageone/views.py@12: Index page accessed[0m
INFO pageone.views 07-02-2024 22:35:54 views 30638 123145481216000 /Users/syscom/PycharmProjects/DPL/pageone/views.py@12: Index page accessed[0m
INFO pageone.views 07-02-2024 22:36:57 views 30638 123145481216000 /Users/syscom/PycharmProjects/DPL/pageone/views.py@12: Index page accessed[0m
INFO pageone.views 07-02-2024 22:36:58 views 30638 123145481216000 /Users/syscom/PycharmProjects/DPL/pageone/views.py@17: Contacts page accessed[0m
INFO pageone.views 07-02-2024 22:37:00 views 30638 123145481216000 /Users/syscom/PycharmProjects/DPL/pageone/views.py@12: Index page accessed[0m
INFO pagedb.views 07-02-2024 22:37:01 views 30638 123145481216000 /Users/syscom/PycharmProjects/DPL/pagedb/views.py@12: Car page accessed[0m
INFO pagedb.views 07-02-2024 22:37:34 views 30638 123145481216000 /Users/syscom/PycharmProjects/DPL/pagedb/views.py@12: Car page accessed[0m
INFO pagedb.views 07-02-2024 22:38:46 views 30638 123145481216000 /Users/syscom/PycharmProjects/DPL/pagedb/views.py@12: Car page accessed[0m
INFO pagedb.views 07-02-2024 22:38:47 views 30638 123145481216000 /Users/syscom/PycharmProjects/DPL/pagedb/views.py@12: Car page accessed[0m
INFO pageone.views 07-02-2024 22:38:48 views 30638 123145481216000 /Users/syscom/PycharmProjects/DPL/pageone/views.py@12: Index page accessed[0m
INFO pagedb.views 07-02-2024 22:38:49 views 30638 123145481216000 /Users/syscom/PycharmProjects/DPL/pagedb/views.py@12: Car page accessed[0m
INFO pagedb.views 07-02-2024 22:39:20 views 30732 123145459261440 /Users/syscom/PycharmProjects/DPL/pagedb/views.py@12: Car page accessed[0m
INFO pageone.views 07-02-2024 22:39:25 views 30732 123145459261440 /Users/syscom/PycharmProjects/DPL/pageone/views.py@12: Index page accessed[0m
INFO pageone.views 07-02-2024 22:40:29 views 30732 123145459261440 /Users/syscom/PycharmProjects/DPL/pageone/views.py@12: Index page accessed[0m
INFO pageone.views 07-02-2024 22:40:44 views 30732 123145459261440 /Users/syscom/PycharmProjects/DPL/pageone/views.py@12: Index page accessed[0m
INFO pageone.views 07-02-2024 22:40:45 views 30732 123145459261440 /Users/syscom/PycharmProjects/DPL/pageone/views.py@12: Index page accessed[0m
INFO pageone.views 07-02-2024 22:40:59 views 30732 123145459261440 /Users/syscom/PycharmProjects/DPL/pageone/views.py@12: Index page accessed[0m
INFO pageone.views 07-02-2024 22:41:00 views 30732 123145459261440 /Users/syscom/PycharmProjects/DPL/pageone/views.py@12: Index page accessed[0m
INFO pageone.views 07-02-2024 22:41:14 views 30732 123145459261440 /Users/syscom/PycharmProjects/DPL/pageone/views.py@12: Index page accessed[0m
INFO pageone.views 07-02-2024 22:41:20 views 30732 123145459261440 /Users/syscom/PycharmProjects/DPL/pageone/views.py@12: Index page accessed[0m
INFO pageone.views 07-02-2024 22:41:21 views 30732 123145459261440 /Users/syscom/PycharmProjects/DPL/pageone/views.py@12: Index page accessed[0m
INFO pageone.views 07-02-2024 22:41:42 views 30732 123145459261440 /Users/syscom/PycharmProjects/DPL/pageone/views.py@12: Index page accessed[0m
INFO pageone.views 07-02-2024 22:41:52 views 30732 123145459261440 /Users/syscom/PycharmProjects/DPL/pageone/views.py@12: Index page accessed[0m
INFO pageone.views 07-02-2024 22:41:53 views 30732 123145459261440 /Users/syscom/PycharmProjects/DPL/pageone/views.py@12: Index page accessed[0m
INFO pageone.views 07-02-2024 22:42:03 views 30732 123145459261440 /Users/syscom/PycharmProjects/DPL/pageone/views.py@12: Index page accessed[0m
INFO pageone.views 07-02-2024 22:42:04 views 30732 123145459261440 /Users/syscom/PycharmProjects/DPL/pageone/views.py@12: Index page accessed[0m
INFO pageone.views 07-02-2024 22:43:27 views 30732 123145459261440 /Users/syscom/PycharmProjects/DPL/pageone/views.py@12: Index page accessed[0m
INFO pageone.views 07-02-2024 22:44:00 views 30732 123145459261440 /Users/syscom/PycharmProjects/DPL/pageone/views.py@12: Index page accessed[0m
INFO pageone.views 07-02-2024 22:44:29 views 30732 123145459261440 /Users/syscom/PycharmProjects/DPL/pageone/views.py@12: Index page accessed[0m
INFO pageone.views 07-02-2024 22:44:51 views 30732 123145459261440 /Users/syscom/PycharmProjects/DPL/pageone/views.py@12: Index page accessed[0m
INFO pageone.views 07-02-2024 22:45:03 views 30732 123145459261440 /Users/syscom/PycharmProjects/DPL/pageone/views.py@12: Index page accessed[0m
INFO pageone.views 07-02-2024 22:45:19 views 30732 123145459261440 /Users/syscom/PycharmProjects/DPL/pageone/views.py@12: Index page accessed[0m
INFO pageone.views 07-02-2024 22:45:26 views 30732 123145459261440 /Users/syscom/PycharmProjects/DPL/pageone/views.py@12: Index page accessed[0m
INFO pageone.views 07-02-2024 22:45:27 views 30732 123145459261440 /Users/syscom/PycharmProjects/DPL/pageone/views.py@12: Index page accessed[0m
INFO pageone.views 07-02-2024 22:45:40 views 30732 123145459261440 /Users/syscom/PycharmProjects/DPL/pageone/views.py@12: Index page accessed[0m
INFO pageone.views 07-02-2024 22:45:41 views 30732 123145459261440 /Users/syscom/PycharmProjects/DPL/pageone/views.py@12: Index page accessed[0m
INFO pageone.views 07-02-2024 22:47:06 views 30732 123145459261440 /Users/syscom/PycharmProjects/DPL/pageone/views.py@12: Index page accessed[0m
INFO pageone.views 07-02-2024 22:47:08 views 30732 123145459261440 /Users/syscom/PycharmProjects/DPL/pageone/views.py@12: Index page accessed[0m
INFO pageone.views 07-02-2024 22:48:47 views 30732 123145459261440 /Users/syscom/PycharmProjects/DPL/pageone/views.py@12: Index page accessed[0m
INFO pageone.views 07-02-2024 22:49:07 views 30732 123145459261440 /Users/syscom/PycharmProjects/DPL/pageone/views.py@12: Index page accessed[0m
INFO pageone.views 07-02-2024 22:53:26 views 30732 123145459261440 /Users/syscom/PycharmProjects/DPL/pageone/views.py@12: Index page accessed[0m
INFO pagedb.views 07-02-2024 22:54:03 views 30732 123145476050944 /Users/syscom/PycharmProjects/DPL/pagedb/views.py@12: Car page accessed[0m
INFO pagedb.views 07-02-2024 22:54:31 views 30732 123145476050944 /Users/syscom/PycharmProjects/DPL/pagedb/views.py@12: Car page accessed[0m
INFO pageone.views 07-02-2024 22:58:20 views 30732 123145476050944 /Users/syscom/PycharmProjects/DPL/pageone/views.py@12: Index page accessed[0m
INFO pageone.views 07-02-2024 22:59:49 views 30732 123145476050944 /Users/syscom/PycharmProjects/DPL/pageone/views.py@12: Index page accessed[0m
INFO pageone.views 07-02-2024 23:03:21 views 30732 123145476050944 /Users/syscom/PycharmProjects/DPL/pageone/views.py@12: Index page accessed[0m
INFO pageone.views 07-02-2024 23:05:07 views 30732 123145476050944 /Users/syscom/PycharmProjects/DPL/pageone/views.py@12: Index page accessed[0m
INFO pageone.views 07-02-2024 23:05:40 views 30732 123145476050944 /Users/syscom/PycharmProjects/DPL/pageone/views.py@12: Index page accessed[0m
INFO pagedb.views 07-02-2024 23:06:03 views 30732 123145476050944 /Users/syscom/PycharmProjects/DPL/pagedb/views.py@12: Car page accessed[0m
INFO pagedb.views 08-02-2024 09:09:00 views 31521 123145343758336 /Users/syscom/PycharmProjects/DPL/pagedb/views.py@12: Car page accessed[0m
INFO pageone.views 08-02-2024 09:09:03 views 31521 123145343758336 /Users/syscom/PycharmProjects/DPL/pageone/views.py@12: Index page accessed[0m
INFO pageone.views 08-02-2024 09:59:46 views 32370 123145500811264 /Users/syscom/PycharmProjects/DPL/pageone/views.py@12: Index page accessed[0m
INFO pagedb.views 08-02-2024 09:59:50 views 32370 123145517600768 /Users/syscom/PycharmProjects/DPL/pagedb/views.py@12: Car page accessed[0m
INFO pageone.views 08-02-2024 10:00:43 views 32370 123145517600768 /Users/syscom/PycharmProjects/DPL/pageone/views.py@12: Index page accessed[0m
INFO pageone.views 08-02-2024 12:30:21 views 34558 123145456717824 /Users/syscom/PycharmProjects/DPL/pageone/views.py@12: Index page accessed[0m
INFO pageone.views 08-02-2024 12:49:23 views 34782 123145544232960 /Users/syscom/PycharmProjects/DPL/pageone/views.py@12: Index page accessed[0m
INFO pagedb.views 08-02-2024 12:49:27 views 34782 123145544232960 /Users/syscom/PycharmProjects/DPL/pagedb/views.py@12: Car page accessed[0m
INFO pagedb.views 08-02-2024 12:56:01 views 34782 123145544232960 /Users/syscom/PycharmProjects/DPL/pagedb/views.py@12: Car page accessed[0m
INFO pagedb.views 08-02-2024 12:56:04 views 34782 123145544232960 /Users/syscom/PycharmProjects/DPL/pagedb/views.py@12: Car page accessed[0m
INFO pageone.views 08-02-2024 12:56:09 views 34782 123145544232960 /Users/syscom/PycharmProjects/DPL/pageone/views.py@12: Index page accessed[0m
INFO pageone.views 08-02-2024 12:56:12 views 34782 123145544232960 /Users/syscom/PycharmProjects/DPL/pageone/views.py@12: Index page accessed[0m
INFO pageone.views 08-02-2024 12:56:18 views 34782 123145544232960 /Users/syscom/PycharmProjects/DPL/pageone/views.py@12: Index page accessed[0m
INFO pageone.views 08-02-2024 14:44:29 views 35886 123145389727744 /Users/syscom/PycharmProjects/DPL/pageone/views.py@12: Index page accessed[0m
INFO pageone.views 08-02-2024 14:52:18 views 35886 123145356148736 /Users/syscom/PycharmProjects/DPL/pageone/views.py@12: Index page accessed[0m
INFO pageone.views 08-02-2024 14:52:22 views 35886 123145356148736 /Users/syscom/PycharmProjects/DPL/pageone/views.py@12: Index page accessed[0m
INFO pageone.views 08-02-2024 14:53:58 views 35886 123145356148736 /Users/syscom/PycharmProjects/DPL/pageone/views.py@12: Index page accessed[0m
INFO pagedb.views 08-02-2024 14:54:52 views 35886 123145356148736 /Users/syscom/PycharmProjects/DPL/pagedb/views.py@12: Car page accessed[0m
INFO pagedb.views 08-02-2024 14:58:02 views 35886 123145356148736 /Users/syscom/PycharmProjects/DPL/pagedb/views.py@12: Car page accessed[0m
INFO pagedb.views 08-02-2024 14:59:12 views 35886 123145356148736 /Users/syscom/PycharmProjects/DPL/pagedb/views.py@12: Car page accessed[0m
INFO pagedb.views 08-02-2024 15:01:45 views 35886 123145356148736 /Users/syscom/PycharmProjects/DPL/pagedb/views.py@12: Car page accessed[0m
INFO pagedb.views 08-02-2024 18:11:41 views 38204 123145393709056 /Users/syscom/PycharmProjects/DPL/pagedb/views.py@12: Car page accessed[0m
INFO pageone.views 08-02-2024 18:58:29 views 38811 123145378897920 /Users/syscom/PycharmProjects/DPL/pageone/views.py@12: Index page accessed[0m
INFO pageone.views 09-02-2024 12:16:11 views 43131 123145551474688 /Users/syscom/PycharmProjects/DPL/pageone/views.py@12: Index page accessed[0m
INFO pagedb.views 09-02-2024 12:16:14 views 43131 123145551474688 /Users/syscom/PycharmProjects/DPL/pagedb/views.py@13: Car page accessed[0m
INFO pagedb.views 09-02-2024 12:18:18 views 43131 123145551474688 /Users/syscom/PycharmProjects/DPL/pagedb/views.py@13: Car page accessed[0m
INFO pagedb.views 09-02-2024 13:17:08 views 43693 123145397600256 /Users/syscom/PycharmProjects/DPL/pagedb/views.py@13: Car page accessed[0m
INFO pagedb.views 09-02-2024 13:22:23 views 43693 123145397600256 /Users/syscom/PycharmProjects/DPL/pagedb/views.py@13: Car page accessed[0m
INFO pagedb.views 09-02-2024 13:22:26 views 43693 123145414389760 /Users/syscom/PycharmProjects/DPL/pagedb/views.py@13: Car page accessed[0m
INFO pageone.views 09-02-2024 13:22:28 views 43693 123145431179264 /Users/syscom/PycharmProjects/DPL/pageone/views.py@12: Index page accessed[0m
INFO pageone.views 09-02-2024 13:28:11 views 43693 123145397600256 /Users/syscom/PycharmProjects/DPL/pageone/views.py@12: Index page accessed[0m
INFO pageone.views 09-02-2024 13:29:05 views 43693 123145397600256 /Users/syscom/PycharmProjects/DPL/pageone/views.py@12: Index page accessed[0m
INFO pagedb.views 09-02-2024 13:29:10 views 43693 123145397600256 /Users/syscom/PycharmProjects/DPL/pagedb/views.py@13: Car page accessed[0m
INFO pageone.views 09-02-2024 13:29:12 views 43693 123145414389760 /Users/syscom/PycharmProjects/DPL/pageone/views.py@12: Index page accessed[0m
INFO pageone.views 09-02-2024 13:30:57 views 43693 123145414389760 /Users/syscom/PycharmProjects/DPL/pageone/views.py@12: Index page accessed[0m
INFO pagedb.views 09-02-2024 13:30:58 views 43693 123145414389760 /Users/syscom/PycharmProjects/DPL/pagedb/views.py@13: Car page accessed[0m
INFO pageone.views 09-02-2024 13:31:04 views 43693 123145414389760 /Users/syscom/PycharmProjects/DPL/pageone/views.py@12: Index page accessed[0m
INFO pageone.views 09-02-2024 13:31:53 views 43693 123145414389760 /Users/syscom/PycharmProjects/DPL/pageone/views.py@12: Index page accessed[0m
INFO pagedb.views 09-02-2024 13:31:56 views 43693 123145414389760 /Users/syscom/PycharmProjects/DPL/pagedb/views.py@13: Car page accessed[0m
INFO pagedb.views 09-02-2024 13:35:20 views 43933 123145422589952 /Users/syscom/PycharmProjects/DPL/pagedb/views.py@13: Car page accessed[0m
INFO pagedb.views 09-02-2024 13:35:52 views 43933 123145422589952 /Users/syscom/PycharmProjects/DPL/pagedb/views.py@13: Car page accessed[0m
INFO pagedb.views 09-02-2024 13:42:47 views 43933 123145422589952 /Users/syscom/PycharmProjects/DPL/pagedb/views.py@13: Car page accessed[0m
INFO pagedb.views 09-02-2024 13:45:03 views 43933 123145422589952 /Users/syscom/PycharmProjects/DPL/pagedb/views.py@13: Car page accessed[0m
INFO pagedb.views 09-02-2024 13:48:25 views 43933 123145422589952 /Users/syscom/PycharmProjects/DPL/pagedb/views.py@13: Car page accessed[0m
INFO pageone.views 09-02-2024 13:48:31 views 43933 123145422589952 /Users/syscom/PycharmProjects/DPL/pageone/views.py@12: Index page accessed[0m
INFO pagedb.views 09-02-2024 13:48:35 views 43933 123145422589952 /Users/syscom/PycharmProjects/DPL/pagedb/views.py@13: Car page accessed[0m
INFO pagedb.views 09-02-2024 13:49:00 views 43933 123145422589952 /Users/syscom/PycharmProjects/DPL/pagedb/views.py@13: Car page accessed[0m
INFO pageone.views 09-02-2024 13:49:09 views 43933 123145422589952 /Users/syscom/PycharmProjects/DPL/pageone/views.py@12: Index page accessed[0m
INFO pagedb.views 09-02-2024 13:49:10 views 43933 123145422589952 /Users/syscom/PycharmProjects/DPL/pagedb/views.py@13: Car page accessed[0m
INFO pagedb.views 09-02-2024 13:49:12 views 43933 123145439379456 /Users/syscom/PycharmProjects/DPL/pagedb/views.py@13: Car page accessed[0m
INFO pageone.views 09-02-2024 13:50:04 views 43933 123145439379456 /Users/syscom/PycharmProjects/DPL/pageone/views.py@12: Index page accessed[0m
INFO pagedb.views 09-02-2024 13:50:07 views 43933 123145439379456 /Users/syscom/PycharmProjects/DPL/pagedb/views.py@13: Car page accessed[0m
INFO pageone.views 09-02-2024 14:51:24 views 44720 123145368698880 /Users/syscom/PycharmProjects/DPL/pageone/views.py@12: Index page accessed[0m
INFO pagedb.views 09-02-2024 14:51:27 views 44720 123145368698880 /Users/syscom/PycharmProjects/DPL/pagedb/views.py@13: Car page accessed[0m
INFO pageone.views 09-02-2024 14:53:03 views 44748 123145538654208 /Users/syscom/PycharmProjects/DPL/pageone/views.py@12: Index page accessed[0m
INFO pagedb.views 09-02-2024 14:53:05 views 44748 123145538654208 /Users/syscom/PycharmProjects/DPL/pagedb/views.py@13: Car page accessed[0m
INFO pagedb.views 09-02-2024 14:53:36 views 44748 123145538654208 /Users/syscom/PycharmProjects/DPL/pagedb/views.py@13: Car page accessed[0m
INFO pagedb.views 09-02-2024 14:54:17 views 44748 123145538654208 /Users/syscom/PycharmProjects/DPL/pagedb/views.py@13: Car page accessed[0m
INFO pagedb.views 09-02-2024 15:31:26 views 45179 123145593868288 /Users/syscom/PycharmProjects/DPL/pagedb/views.py@13: Car page accessed[0m
INFO pagedb.views 09-02-2024 15:32:22 views 45179 123145593868288 /Users/syscom/PycharmProjects/DPL/pagedb/views.py@13: Car page accessed[0m
INFO pageone.views 09-02-2024 15:32:26 views 45179 123145593868288 /Users/syscom/PycharmProjects/DPL/pageone/views.py@12: Index page accessed[0m
INFO pagedb.views 09-02-2024 15:32:27 views 45179 123145593868288 /Users/syscom/PycharmProjects/DPL/pagedb/views.py@13: Car page accessed[0m
INFO pagedb.views 09-02-2024 15:33:02 views 45222 123145492750336 /Users/syscom/PycharmProjects/DPL/pagedb/views.py@13: Car page accessed[0m
INFO pagedb.views 09-02-2024 15:34:01 views 45238 123145587978240 /Users/syscom/PycharmProjects/DPL/pagedb/views.py@13: Car page accessed[0m
INFO pagedb.views 09-02-2024 15:34:59 views 45238 123145587978240 /Users/syscom/PycharmProjects/DPL/pagedb/views.py@13: Car page accessed[0m
INFO pagedb.views 09-02-2024 15:35:47 views 45238 123145587978240 /Users/syscom/PycharmProjects/DPL/pagedb/views.py@13: Car page accessed[0m
INFO pagedb.views 09-02-2024 15:40:19 views 45307 123145445908480 /Users/syscom/PycharmProjects/DPL/pagedb/views.py@13: Car page accessed[0m
INFO pagedb.views 09-02-2024 15:48:06 views 45430 123145348747264 /Users/syscom/PycharmProjects/DPL/pagedb/views.py@13: Car page accessed[0m
INFO pagedb.views 09-02-2024 15:49:25 views 45450 123145382117376 /Users/syscom/PycharmProjects/DPL/pagedb/views.py@13: Car page accessed[0m
INFO pagedb.views 09-02-2024 15:51:55 views 45481 123145553272832 /Users/syscom/PycharmProjects/DPL/pagedb/views.py@13: Car page accessed[0m
INFO pagedb.views 09-02-2024 15:51:55 views 45481 123145553272832 /Users/syscom/PycharmProjects/DPL/pagedb/views.py@22: Получили Car.model=<django.db.models.fields.related_descriptors.ForwardManyToOneDescriptor object at 0x10c3fdd50>, Car.comments=<django.db.models.query_utils.DeferredAttribute object at 0x10b7f2f50>, [0m
INFO pagedb.views 09-02-2024 16:02:36 views 45625 123145464598528 /Users/syscom/PycharmProjects/DPL/pagedb/views.py@14: Car page accessed[0m
INFO pageone.views 09-02-2024 16:02:42 views 45625 123145464598528 /Users/syscom/PycharmProjects/DPL/pageone/views.py@12: Index page accessed[0m
INFO pagedb.views 09-02-2024 16:02:44 views 45625 123145464598528 /Users/syscom/PycharmProjects/DPL/pagedb/views.py@14: Car page accessed[0m
INFO pagedb.views 09-02-2024 16:03:09 views 45625 123145464598528 /Users/syscom/PycharmProjects/DPL/pagedb/views.py@14: Car page accessed[0m
INFO pagedb.views 09-02-2024 16:04:10 views 45656 123145341120512 /Users/syscom/PycharmProjects/DPL/pagedb/views.py@14: Car page accessed[0m
INFO pagedb.views 09-02-2024 16:04:23 views 45656 123145341120512 /Users/syscom/PycharmProjects/DPL/pagedb/views.py@14: Car page accessed[0m
INFO pagedb.views 09-02-2024 16:04:23 views 45656 123145341120512 /Users/syscom/PycharmProjects/DPL/pagedb/views.py@24: Получили Car.model=<CarModel: Buick, Limited>, Car.comments=<django.forms.boundfield.BoundField object at 0x10d4ee790>, Car.number_plate=5[0m
INFO pagedb.views 09-02-2024 16:06:17 views 45685 123145451835392 /Users/syscom/PycharmProjects/DPL/pagedb/views.py@14: Car page accessed[0m
INFO pagedb.views 09-02-2024 16:06:34 views 45685 123145451835392 /Users/syscom/PycharmProjects/DPL/pagedb/views.py@14: Car page accessed[0m
INFO pagedb.views 09-02-2024 16:06:34 views 45685 123145451835392 /Users/syscom/PycharmProjects/DPL/pagedb/views.py@24: Получили Car.model=<django.db.models.fields.related_descriptors.ForwardManyToOneDescriptor object at 0x1040a5d90>, Car.comments=<django.db.models.query_utils.DeferredAttribute object at 0x1040a6390>, Car.number_plate=<django.db.models.query_utils.DeferredAttribute object at 0x1040a5d10>[0m
INFO pagedb.views 09-02-2024 16:09:53 views 45746 123145581449216 /Users/syscom/PycharmProjects/DPL/pagedb/views.py@14: Car page accessed[0m
INFO pagedb.views 09-02-2024 16:10:07 views 45746 123145581449216 /Users/syscom/PycharmProjects/DPL/pagedb/views.py@14: Car page accessed[0m
INFO pagedb.views 09-02-2024 16:10:07 views 45746 123145581449216 /Users/syscom/PycharmProjects/DPL/pagedb/views.py@25: Получили Car.model=<django.db.models.fields.related_descriptors.ForwardManyToOneDescriptor object at 0x104eb5c50>, Car.comments=<django.db.models.query_utils.DeferredAttribute object at 0x104eb6250>, Car.number_plate=<django.db.models.query_utils.DeferredAttribute object at 0x104eb5bd0>[0m
INFO pagedb.views 09-02-2024 16:12:11 views 45746 123145581449216 /Users/syscom/PycharmProjects/DPL/pagedb/views.py@14: Car page accessed[0m
INFO pageone.views 09-02-2024 16:16:45 views 45828 123145596289024 /Users/syscom/PycharmProjects/DPL/pageone/views.py@12: Index page accessed[0m
INFO pagedb.views 09-02-2024 16:16:47 views 45828 123145596289024 /Users/syscom/PycharmProjects/DPL/pagedb/views.py@14: Car page accessed[0m
INFO pagedb.views 09-02-2024 16:17:03 views 45828 123145596289024 /Users/syscom/PycharmProjects/DPL/pagedb/views.py@14: Car page accessed[0m
INFO pagedb.views 09-02-2024 16:17:03 views 45828 123145596289024 /Users/syscom/PycharmProjects/DPL/pagedb/views.py@25: Получили Car.model=<django.db.models.fields.related_descriptors.ForwardManyToOneDescriptor object at 0x111689d90>, Car.comments=<django.db.models.query_utils.DeferredAttribute object at 0x11168a390>, Car.number_plate=<django.db.models.query_utils.DeferredAttribute object at 0x111689d10>[0m
INFO pageone.views 10-02-2024 11:18:22 views 46635 123145535467520 /Users/syscom/PycharmProjects/DPL/pageone/views.py@12: Index page accessed[0m
INFO pagedb.views 10-02-2024 11:18:24 views 46635 123145535467520 /Users/syscom/PycharmProjects/DPL/pagedb/views.py@14: Car page accessed[0m
INFO pagedb.views 10-02-2024 11:18:54 views 46635 123145535467520 /Users/syscom/PycharmProjects/DPL/pagedb/views.py@14: Car page accessed[0m
INFO pagedb.views 10-02-2024 11:18:54 views 46635 123145535467520 /Users/syscom/PycharmProjects/DPL/pagedb/views.py@25: Получили model=<CarModel: Buick, Wildcat>, comments=<django.forms.boundfield.BoundField object at 0x10a78ea10>, number_plate=25[0m
INFO pageone.views 10-02-2024 11:20:29 views 46669 123145394388992 /Users/syscom/PycharmProjects/DPL/pageone/views.py@12: Index page accessed[0m
INFO pagedb.views 10-02-2024 11:20:32 views 46669 123145394388992 /Users/syscom/PycharmProjects/DPL/pagedb/views.py@14: Car page accessed[0m
INFO pagedb.views 10-02-2024 11:21:00 views 46669 123145394388992 /Users/syscom/PycharmProjects/DPL/pagedb/views.py@14: Car page accessed[0m
INFO pagedb.views 10-02-2024 11:21:00 views 46669 123145394388992 /Users/syscom/PycharmProjects/DPL/pagedb/views.py@25: Получили model=<CarModel: Bentley, Turbo R>, comments=<django.forms.boundfield.BoundField object at 0x10ba98750>, number_plate=15[0m
INFO pagedb.views 10-02-2024 11:21:10 views 46669 123145394388992 /Users/syscom/PycharmProjects/DPL/pagedb/views.py@14: Car page accessed[0m
INFO pagedb.views 10-02-2024 11:21:10 views 46669 123145394388992 /Users/syscom/PycharmProjects/DPL/pagedb/views.py@25: Получили model=<CarModel: Bentley, Turbo R>, comments=<django.forms.boundfield.BoundField object at 0x10bae09d0>, number_plate=34[0m
INFO pageone.views 10-02-2024 11:24:50 views 46707 123145585623040 /Users/syscom/PycharmProjects/DPL/pageone/views.py@12: Index page accessed[0m
INFO pagedb.views 10-02-2024 11:24:53 views 46707 123145585623040 /Users/syscom/PycharmProjects/DPL/pagedb/views.py@14: Car page accessed[0m
INFO pagedb.views 10-02-2024 11:26:30 views 46781 123145495183360 /Users/syscom/PycharmProjects/DPL/pagedb/views.py@14: Car page accessed[0m
INFO pageone.views 10-02-2024 11:26:40 views 46781 123145495183360 /Users/syscom/PycharmProjects/DPL/pageone/views.py@12: Index page accessed[0m
INFO pagedb.views 10-02-2024 11:26:41 views 46781 123145495183360 /Users/syscom/PycharmProjects/DPL/pagedb/views.py@14: Car page accessed[0m
INFO pagedb.views 10-02-2024 11:32:59 views 46888 123145532870656 /Users/syscom/PycharmProjects/DPL/pagedb/views.py@14: Car page accessed[0m
INFO pageone.views 10-02-2024 11:33:07 views 46888 123145532870656 /Users/syscom/PycharmProjects/DPL/pageone/views.py@12: Index page accessed[0m
INFO pagedb.views 10-02-2024 11:33:09 views 46888 123145532870656 /Users/syscom/PycharmProjects/DPL/pagedb/views.py@14: Car page accessed[0m
INFO pagedb.views 10-02-2024 11:38:09 views 46956 123145368186880 /Users/syscom/PycharmProjects/DPL/pagedb/views.py@14: Car page accessed[0m
INFO pagedb.views 10-02-2024 11:43:20 views 47032 123145466683392 /Users/syscom/PycharmProjects/DPL/pagedb/views.py@14: Car page accessed[0m
INFO pagedb.views 10-02-2024 11:43:59 views 47032 123145466683392 /Users/syscom/PycharmProjects/DPL/pagedb/views.py@14: Car page accessed[0m
INFO pagedb.views 10-02-2024 11:43:59 views 47032 123145466683392 /Users/syscom/PycharmProjects/DPL/pagedb/views.py@25: Получили model=<CarModel: Audi, S6>, comments=<django.forms.boundfield.BoundField object at 0x10b55bbd0>, number_plate=35[0m
INFO pagedb.views 10-02-2024 11:46:03 views 47068 123145384898560 /Users/syscom/PycharmProjects/DPL/pagedb/views.py@14: Car page accessed[0m
INFO pagedb.views 10-02-2024 11:46:03 views 47068 123145384898560 /Users/syscom/PycharmProjects/DPL/pagedb/views.py@25: Получили model=<CarModel: Audi, S6>, comments=<django.forms.boundfield.BoundField object at 0x10fa73b90>, number_plate=95[0m
INFO pagedb.views 10-02-2024 11:46:10 views 47068 123145384898560 /Users/syscom/PycharmProjects/DPL/pagedb/views.py@14: Car page accessed[0m
INFO pagedb.views 10-02-2024 11:46:10 views 47068 123145384898560 /Users/syscom/PycharmProjects/DPL/pagedb/views.py@25: Получили model=<CarModel: Audi, S6>, comments=<django.forms.boundfield.BoundField object at 0x10facbb50>, number_plate=27[0m
INFO pagedb.views 10-02-2024 11:46:49 views 47068 123145384898560 /Users/syscom/PycharmProjects/DPL/pagedb/views.py@14: Car page accessed[0m
INFO pagedb.views 10-02-2024 11:46:49 views 47068 123145384898560 /Users/syscom/PycharmProjects/DPL/pagedb/views.py@25: Получили model=<CarModel: Audi, S6>, comments=<django.forms.boundfield.BoundField object at 0x10fad7650>, number_plate=35[0m
INFO pagedb.views 10-02-2024 11:46:52 views 47068 123145384898560 /Users/syscom/PycharmProjects/DPL/pagedb/views.py@14: Car page accessed[0m
INFO pagedb.views 10-02-2024 11:46:52 views 47068 123145384898560 /Users/syscom/PycharmProjects/DPL/pagedb/views.py@25: Получили model=<CarModel: Audi, S6>, comments=<django.forms.boundfield.BoundField object at 0x10fc25b90>, number_plate=16[0m
INFO pageone.views 10-02-2024 11:46:59 views 47068 123145384898560 /Users/syscom/PycharmProjects/DPL/pageone/views.py@12: Index page accessed[0m
INFO pagedb.views 10-02-2024 11:47:01 views 47068 123145384898560 /Users/syscom/PycharmProjects/DPL/pagedb/views.py@14: Car page accessed[0m
INFO pagedb.views 10-02-2024 11:49:25 views 47112 123145591844864 /Users/syscom/PycharmProjects/DPL/pagedb/views.py@14: Car page accessed[0m
INFO pagedb.views 10-02-2024 11:51:33 views 47112 123145591844864 /Users/syscom/PycharmProjects/DPL/pagedb/views.py@14: Car page accessed[0m
INFO pagedb.views 10-02-2024 11:54:58 views 47181 123145520091136 /Users/syscom/PycharmProjects/DPL/pagedb/views.py@14: Car page accessed[0m
INFO pagedb.views 10-02-2024 11:55:44 views 47181 123145520091136 /Users/syscom/PycharmProjects/DPL/pagedb/views.py@14: Car page accessed[0m
INFO pagedb.views 10-02-2024 11:56:53 views 47181 123145520091136 /Users/syscom/PycharmProjects/DPL/pagedb/views.py@14: Car page accessed[0m
INFO pagedb.views 10-02-2024 11:56:53 views 47181 123145520091136 /Users/syscom/PycharmProjects/DPL/pagedb/views.py@25: Получили model=<CarModel: BMW, X4 M>, comments=<django.forms.boundfield.BoundField object at 0x1079a36d0>, number_plate=84[0m
INFO pageone.views 10-02-2024 13:40:28 views 48351 123145537343488 /Users/syscom/PycharmProjects/DPL/pageone/views.py@12: Index page accessed[0m
INFO pagedb.views 10-02-2024 13:40:33 views 48351 123145537343488 /Users/syscom/PycharmProjects/DPL/pagedb/views.py@15: Car page accessed[0m
INFO pageone.views 10-02-2024 13:44:22 views 48397 123145597370368 /Users/syscom/PycharmProjects/DPL/pageone/views.py@12: Index page accessed[0m
INFO pagedb.views 10-02-2024 13:44:51 views 48397 123145597370368 /Users/syscom/PycharmProjects/DPL/pagedb/views.py@15: Car page accessed[0m
INFO pagedb.views 10-02-2024 13:46:21 views 48397 123145597370368 /Users/syscom/PycharmProjects/DPL/pagedb/views.py@15: Car page accessed[0m
INFO pageone.views 10-02-2024 13:46:48 views 48397 123145597370368 /Users/syscom/PycharmProjects/DPL/pageone/views.py@12: Index page accessed[0m
INFO pagedb.views 10-02-2024 13:50:35 views 48397 123145597370368 /Users/syscom/PycharmProjects/DPL/pagedb/views.py@15: Car page accessed[0m
INFO pagedb.views 10-02-2024 14:05:06 views 48640 123145533034496 /Users/syscom/PycharmProjects/DPL/pagedb/views.py@15: Car page accessed[0m
INFO pageone.views 10-02-2024 14:09:36 views 48701 123145393414144 /Users/syscom/PycharmProjects/DPL/pageone/views.py@12: Index page accessed[0m
INFO pagedb.views 10-02-2024 14:09:41 views 48701 123145393414144 /Users/syscom/PycharmProjects/DPL/pagedb/views.py@15: Car page accessed[0m
INFO pagedb.views 10-02-2024 14:10:01 views 48701 123145393414144 /Users/syscom/PycharmProjects/DPL/pagedb/views.py@15: Car page accessed[0m
INFO pagedb.views 10-02-2024 14:17:36 views 48701 123145393414144 /Users/syscom/PycharmProjects/DPL/pagedb/views.py@15: Car page accessed[0m
INFO pagedb.views 10-02-2024 14:19:23 views 48842 123145481187328 /Users/syscom/PycharmProjects/DPL/pagedb/views.py@15: Car page accessed[0m
INFO pagedb.views 10-02-2024 14:21:26 views 48878 123145378058240 /Users/syscom/PycharmProjects/DPL/pagedb/views.py@15: Car page accessed[0m
INFO pagedb.views 10-02-2024 14:22:00 views 48878 123145378058240 /Users/syscom/PycharmProjects/DPL/pagedb/views.py@15: Car page accessed[0m
INFO pagedb.views 10-02-2024 14:29:41 views 49010 123145533059072 /Users/syscom/PycharmProjects/DPL/pagedb/views.py@15: Car page accessed[0m
INFO pagedb.views 10-02-2024 14:29:41 views 49010 123145533059072 /Users/syscom/PycharmProjects/DPL/pagedb/views.py@29: Получили model=<CarModel: AC, Aceca>, comments=<django.forms.boundfield.BoundField object at 0x10b2f5ed0>, number_plate=5032[0m
INFO pageone.views 10-02-2024 14:33:51 views 49080 123145509019648 /Users/syscom/PycharmProjects/DPL/pageone/views.py@12: Index page accessed[0m
INFO pagedb.views 10-02-2024 14:33:54 views 49080 123145509019648 /Users/syscom/PycharmProjects/DPL/pagedb/views.py@15: Car page accessed[0m
INFO pagedb.views 10-02-2024 14:34:28 views 49080 123145509019648 /Users/syscom/PycharmProjects/DPL/pagedb/views.py@15: Car page accessed[0m
INFO pagedb.views 10-02-2024 14:34:28 views 49080 123145509019648 /Users/syscom/PycharmProjects/DPL/pagedb/views.py@29: Получили model=<CarModel: Batmobile, 1989>, comments=<django.forms.boundfield.BoundField object at 0x10753c4d0>, number_plate=5055[0m
INFO pageone.views 10-02-2024 14:42:24 views 49123 123145414656000 /Users/syscom/PycharmProjects/DPL/pageone/views.py@12: Index page accessed[0m
INFO pagedb.views 10-02-2024 14:42:34 views 49123 123145414656000 /Users/syscom/PycharmProjects/DPL/pagedb/views.py@15: Car page accessed[0m
INFO pageone.views 10-02-2024 14:49:30 views 49278 123145356115968 /Users/syscom/PycharmProjects/DPL/pageone/views.py@17: Contacts page accessed[0m
INFO pageone.views 10-02-2024 14:51:10 views 49278 123145356115968 /Users/syscom/PycharmProjects/DPL/pageone/views.py@17: Contacts page accessed[0m
INFO pageone.views 10-02-2024 14:51:18 views 49278 123145356115968 /Users/syscom/PycharmProjects/DPL/pageone/views.py@12: Index page accessed[0m
INFO pageone.views 10-02-2024 14:52:37 views 49278 123145356115968 /Users/syscom/PycharmProjects/DPL/pageone/views.py@12: Index page accessed[0m
INFO pageone.views 10-02-2024 14:53:17 views 49278 123145356115968 /Users/syscom/PycharmProjects/DPL/pageone/views.py@12: Index page accessed[0m
INFO pagedb.views 10-02-2024 14:53:26 views 49278 123145356115968 /Users/syscom/PycharmProjects/DPL/pagedb/views.py@15: Car page accessed[0m
INFO pagedb.views 10-02-2024 14:53:50 views 49278 123145356115968 /Users/syscom/PycharmProjects/DPL/pagedb/views.py@15: Car page accessed[0m
INFO pageone.views 10-02-2024 19:33:08 views 50106 123145383464960 /Users/syscom/PycharmProjects/DPL/pageone/views.py@12: Index page accessed[0m
INFO pagedb.views 10-02-2024 19:33:12 views 50106 123145400254464 /Users/syscom/PycharmProjects/DPL/pagedb/views.py@15: Car page accessed[0m
INFO pagedb.views 10-02-2024 19:34:31 views 50106 123145400254464 /Users/syscom/PycharmProjects/DPL/pagedb/views.py@15: Car page accessed[0m
INFO pageone.views 10-02-2024 19:35:31 views 50106 123145400254464 /Users/syscom/PycharmProjects/DPL/pageone/views.py@12: Index page accessed[0m
INFO pageone.views 10-02-2024 20:57:01 views 51168 123145598222336 /Users/syscom/PycharmProjects/DPL/pageone/views.py@12: Index page accessed[0m
INFO pagedb.views 10-02-2024 20:57:03 views 51168 123145598222336 /Users/syscom/PycharmProjects/DPL/pagedb/views.py@15: Car page accessed[0m
INFO pagedb.views 10-02-2024 20:57:06 views 51168 123145615011840 /Users/syscom/PycharmProjects/DPL/pagedb/views.py@15: Car page accessed[0m
INFO pageone.views 10-02-2024 20:59:37 views 51207 123145563312128 /Users/syscom/PycharmProjects/DPL/pageone/views.py@12: Index page accessed[0m
INFO pagedb.views 10-02-2024 20:59:43 views 51207 123145580101632 /Users/syscom/PycharmProjects/DPL/pagedb/views.py@15: Car page accessed[0m
INFO pageone.views 11-02-2024 12:39:24 views 51680 123145554665472 /Users/syscom/PycharmProjects/DPL/pageone/views.py@12: Index page accessed[0m
INFO pagedb.views 11-02-2024 12:39:30 views 51680 123145571454976 /Users/syscom/PycharmProjects/DPL/pagedb/views.py@15: Car page accessed[0m
INFO pagedb.views 11-02-2024 12:40:54 views 51680 123145571454976 /Users/syscom/PycharmProjects/DPL/pagedb/views.py@15: Car page accessed[0m
INFO pagedb.views 11-02-2024 12:42:16 views 51680 123145571454976 /Users/syscom/PycharmProjects/DPL/pagedb/views.py@15: Car page accessed[0m
INFO pagedb.views 11-02-2024 12:43:03 views 51680 123145571454976 /Users/syscom/PycharmProjects/DPL/pagedb/views.py@15: Car page accessed[0m
INFO pagedb.views 11-02-2024 12:56:07 views 51680 123145554665472 /Users/syscom/PycharmProjects/DPL/pagedb/views.py@15: Car page accessed[0m
INFO pagedb.views 11-02-2024 12:56:42 views 51680 123145554665472 /Users/syscom/PycharmProjects/DPL/pagedb/views.py@15: Car page accessed[0m
INFO pagedb.views 11-02-2024 12:56:49 views 51680 123145554665472 /Users/syscom/PycharmProjects/DPL/pagedb/views.py@15: Car page accessed[0m
INFO pageone.views 11-02-2024 12:56:51 views 51680 123145571454976 /Users/syscom/PycharmProjects/DPL/pageone/views.py@12: Index page accessed[0m
INFO pagedb.views 11-02-2024 12:57:01 views 51680 123145571454976 /Users/syscom/PycharmProjects/DPL/pagedb/views.py@15: Car page accessed[0m
INFO pageone.views 11-02-2024 12:58:26 views 51680 123145571454976 /Users/syscom/PycharmProjects/DPL/pageone/views.py@12: Index page accessed[0m
INFO pageone.views 11-02-2024 12:58:33 views 51680 123145571454976 /Users/syscom/PycharmProjects/DPL/pageone/views.py@12: Index page accessed[0m
INFO pagedb.views 11-02-2024 12:58:47 views 51680 123145571454976 /Users/syscom/PycharmProjects/DPL/pagedb/views.py@15: Car page accessed[0m
INFO pagedb.views 11-02-2024 13:00:57 views 51680 123145571454976 /Users/syscom/PycharmProjects/DPL/pagedb/views.py@15: Car page accessed[0m
INFO pageone.views 11-02-2024 13:01:44 views 51680 123145571454976 /Users/syscom/PycharmProjects/DPL/pageone/views.py@12: Index page accessed[0m
INFO pageone.views 11-02-2024 13:05:20 views 51680 123145571454976 /Users/syscom/PycharmProjects/DPL/pageone/views.py@12: Index page accessed[0m
INFO pagedb.views 11-02-2024 13:05:23 views 51680 123145571454976 /Users/syscom/PycharmProjects/DPL/pagedb/views.py@15: Car page accessed[0m
INFO pagedb.views 11-02-2024 13:05:41 views 51680 123145571454976 /Users/syscom/PycharmProjects/DPL/pagedb/views.py@15: Car page accessed[0m
INFO pagedb.views 11-02-2024 13:06:38 views 51680 123145571454976 /Users/syscom/PycharmProjects/DPL/pagedb/views.py@15: Car page accessed[0m
INFO pagedb.views 11-02-2024 13:09:08 views 51680 123145571454976 /Users/syscom/PycharmProjects/DPL/pagedb/views.py@15: Car page accessed[0m
INFO pageone.views 11-02-2024 13:11:43 views 51680 123145571454976 /Users/syscom/PycharmProjects/DPL/pageone/views.py@12: Index page accessed[0m
INFO pagedb.views 11-02-2024 13:11:52 views 51680 123145571454976 /Users/syscom/PycharmProjects/DPL/pagedb/views.py@15: Car page accessed[0m
INFO pageone.views 11-02-2024 13:14:52 views 51680 123145571454976 /Users/syscom/PycharmProjects/DPL/pageone/views.py@12: Index page accessed[0m
INFO pagedb.views 11-02-2024 13:15:03 views 51680 123145571454976 /Users/syscom/PycharmProjects/DPL/pagedb/views.py@15: Car page accessed[0m
INFO pageone.views 11-02-2024 13:17:57 views 51680 123145571454976 /Users/syscom/PycharmProjects/DPL/pageone/views.py@12: Index page accessed[0m
INFO pagedb.views 11-02-2024 13:17:59 views 51680 123145571454976 /Users/syscom/PycharmProjects/DPL/pagedb/views.py@15: Car page accessed[0m
INFO pageone.views 11-02-2024 13:20:56 views 51680 123145571454976 /Users/syscom/PycharmProjects/DPL/pageone/views.py@12: Index page accessed[0m
INFO pagedb.views 11-02-2024 13:21:00 views 51680 123145571454976 /Users/syscom/PycharmProjects/DPL/pagedb/views.py@15: Car page accessed[0m
INFO pageone.views 11-02-2024 13:22:15 views 51680 123145605033984 /Users/syscom/PycharmProjects/DPL/pageone/views.py@12: Index page accessed[0m
INFO pageone.views 11-02-2024 13:35:51 views 52342 123145356312576 /Users/syscom/PycharmProjects/DPL/pageone/views.py@12: Index page accessed[0m
INFO pagedb.views 11-02-2024 13:36:15 views 52342 123145373102080 /Users/syscom/PycharmProjects/DPL/pagedb/views.py@15: Car page accessed[0m
INFO pageone.views 11-02-2024 13:41:09 views 52422 123145402556416 /Users/syscom/PycharmProjects/DPL/pageone/views.py@12: Index page accessed[0m
INFO pagedb.views 11-02-2024 13:41:12 views 52422 123145402556416 /Users/syscom/PycharmProjects/DPL/pagedb/views.py@15: Car page accessed[0m
INFO pageone.views 11-02-2024 15:05:36 views 53499 123145477115904 /Users/syscom/PycharmProjects/DPL/pageone/views.py@12: Index page accessed[0m
INFO pageone.views 11-02-2024 15:05:38 views 53499 123145477115904 /Users/syscom/PycharmProjects/DPL/pageone/views.py@12: Index page accessed[0m
INFO pagedb.views 11-02-2024 15:05:39 views 53499 123145477115904 /Users/syscom/PycharmProjects/DPL/pagedb/views.py@15: Car page accessed[0m
INFO pageone.views 11-02-2024 15:07:24 views 53499 123145477115904 /Users/syscom/PycharmProjects/DPL/pageone/views.py@12: Index page accessed[0m
INFO pagedb.views 11-02-2024 15:07:27 views 53499 123145493905408 /Users/syscom/PycharmProjects/DPL/pagedb/views.py@15: Car page accessed[0m
INFO pagedb.views 11-02-2024 15:10:02 views 53499 123145493905408 /Users/syscom/PycharmProjects/DPL/pagedb/views.py@15: Car page accessed[0m
INFO pageone.views 11-02-2024 15:12:23 views 53499 123145493905408 /Users/syscom/PycharmProjects/DPL/pageone/views.py@12: Index page accessed[0m
INFO pagedb.views 11-02-2024 15:14:15 views 53780 123145407471616 /Users/syscom/PycharmProjects/DPL/pagedb/views.py@15: Car page accessed[0m
INFO pageone.views 11-02-2024 15:15:15 views 53780 123145407471616 /Users/syscom/PycharmProjects/DPL/pageone/views.py@12: Index page accessed[0m
INFO pagedb.views 11-02-2024 15:27:29 views 54029 123145490866176 /Users/syscom/PycharmProjects/DPL/pagedb/views.py@17: Car page accessed[0m
INFO pagedb.views 11-02-2024 15:29:03 views 54029 123145490866176 /Users/syscom/PycharmProjects/DPL/pagedb/views.py@17: Car page accessed[0m
INFO pageone.views 11-02-2024 15:29:09 views 54029 123145490866176 /Users/syscom/PycharmProjects/DPL/pageone/views.py@12: Index page accessed[0m
INFO pageone.views 11-02-2024 15:43:56 views 54260 123145405575168 /Users/syscom/PycharmProjects/DPL/pageone/views.py@12: Index page accessed[0m
INFO pageone.views 11-02-2024 15:46:07 views 54314 123145585938432 /Users/syscom/PycharmProjects/DPL/pageone/views.py@12: Index page accessed[0m
INFO pagedb.views 11-02-2024 15:47:26 views 54314 123145585938432 /Users/syscom/PycharmProjects/DPL/pagedb/views.py@17: Car page accessed[0m
INFO pagedb.views 11-02-2024 15:47:48 views 54314 123145585938432 /Users/syscom/PycharmProjects/DPL/pagedb/views.py@17: Car page accessed[0m
INFO pagedb.views 11-02-2024 15:47:48 views 54314 123145585938432 /Users/syscom/PycharmProjects/DPL/pagedb/views.py@30: Получили model=<CarModel: TVR, Tasmin>, comments=<django.forms.boundfield.BoundField object at 0x1092f0990>, number_plate=5084[0m
INFO pagedb.views 11-02-2024 16:09:17 views 54647 123145515646976 /Users/syscom/PycharmProjects/DPL/pagedb/views.py@17: Car page accessed[0m
INFO pagedb.views 11-02-2024 16:16:08 views 54747 123145593999360 /Users/syscom/PycharmProjects/DPL/pagedb/views.py@18: Car page accessed[0m
INFO pageone.views 11-02-2024 16:16:14 views 54747 123145593999360 /Users/syscom/PycharmProjects/DPL/pageone/views.py@12: Index page accessed[0m
INFO pagedb.views 11-02-2024 16:16:15 views 54747 123145593999360 /Users/syscom/PycharmProjects/DPL/pagedb/views.py@18: Car page accessed[0m
INFO pageone.views 11-02-2024 16:16:43 views 54747 123145593999360 /Users/syscom/PycharmProjects/DPL/pageone/views.py@12: Index page accessed[0m
INFO pagedb.views 11-02-2024 16:18:47 views 54783 123145528344576 /Users/syscom/PycharmProjects/DPL/pagedb/views.py@18: Car page accessed[0m
INFO pageone.views 11-02-2024 16:19:37 views 54783 123145528344576 /Users/syscom/PycharmProjects/DPL/pageone/views.py@12: Index page accessed[0m
INFO pageone.views 11-02-2024 16:35:13 views 55086 123145568813056 /Users/syscom/PycharmProjects/DPL/pageone/views.py@12: Index page accessed[0m
INFO pageone.views 11-02-2024 17:08:37 views 2362 123145413730304 /Users/syscom/PycharmProjects/DPL/pageone/views.py@12: Index page accessed[0m
INFO pagedb.views 11-02-2024 17:08:39 views 2362 123145413730304 /Users/syscom/PycharmProjects/DPL/pagedb/views.py@18: Car page accessed[0m
INFO pageone.views 11-02-2024 17:09:20 views 2362 123145413730304 /Users/syscom/PycharmProjects/DPL/pageone/views.py@12: Index page accessed[0m
INFO pagedb.views 11-02-2024 17:14:40 views 2519 123145374830592 /Users/syscom/PycharmProjects/DPL/pagedb/views.py@18: Car page accessed[0m
INFO pagedb.views 11-02-2024 17:15:25 views 2519 123145374830592 /Users/syscom/PycharmProjects/DPL/pagedb/views.py@18: Car page accessed[0m
INFO pagedb.views 11-02-2024 17:15:25 views 2519 123145374830592 /Users/syscom/PycharmProjects/DPL/pagedb/views.py@31: Получили model=<CarModel: Maserati, Khamsin>, comments=<django.forms.boundfield.BoundField object at 0x10a9c3bd0>, number_plate=5019[0m
INFO pageone.views 11-02-2024 17:17:03 views 2519 123145374830592 /Users/syscom/PycharmProjects/DPL/pageone/views.py@12: Index page accessed[0m
INFO pageone.views 11-02-2024 17:25:34 views 2519 123145374830592 /Users/syscom/PycharmProjects/DPL/pageone/views.py@12: Index page accessed[0m
INFO pagedb.views 11-02-2024 17:25:40 views 2519 123145374830592 /Users/syscom/PycharmProjects/DPL/pagedb/views.py@18: Car page accessed[0m
INFO pagedb.views 11-02-2024 17:30:21 views 2519 123145408409600 /Users/syscom/PycharmProjects/DPL/pagedb/views.py@18: Car page accessed[0m
INFO pageone.views 11-02-2024 17:30:23 views 2519 123145425199104 /Users/syscom/PycharmProjects/DPL/pageone/views.py@12: Index page accessed[0m
INFO pagedb.views 11-02-2024 17:30:35 views 2519 123145441988608 /Users/syscom/PycharmProjects/DPL/pagedb/views.py@18: Car page accessed[0m
INFO pagedb.views 11-02-2024 17:31:48 views 2519 123145408409600 /Users/syscom/PycharmProjects/DPL/pagedb/views.py@18: Car page accessed[0m
INFO pagedb.views 11-02-2024 17:31:48 views 2519 123145408409600 /Users/syscom/PycharmProjects/DPL/pagedb/views.py@31: Получили model=<CarModel: Aston Martin, V8 Zagato>, comments=<django.forms.boundfield.BoundField object at 0x10ae6ee10>, number_plate=5019[0m
INFO pagedb.views 11-02-2024 17:33:13 views 2519 123145374830592 /Users/syscom/PycharmProjects/DPL/pagedb/views.py@18: Car page accessed[0m
INFO pagedb.views 11-02-2024 17:33:13 views 2519 123145374830592 /Users/syscom/PycharmProjects/DPL/pagedb/views.py@31: Получили model=<CarModel: Acura, TL>, comments=<django.forms.boundfield.BoundField object at 0x10ae6ec90>, number_plate=5033[0m
INFO pageone.views 11-02-2024 17:35:32 views 2519 123145425199104 /Users/syscom/PycharmProjects/DPL/pageone/views.py@12: Index page accessed[0m
INFO pagedb.views 11-02-2024 17:35:37 views 2519 123145425199104 /Users/syscom/PycharmProjects/DPL/pagedb/views.py@18: Car page accessed[0m
INFO pagedb.views 11-02-2024 17:35:59 views 2519 123145425199104 /Users/syscom/PycharmProjects/DPL/pagedb/views.py@18: Car page accessed[0m
INFO pagedb.views 11-02-2024 17:35:59 views 2519 123145425199104 /Users/syscom/PycharmProjects/DPL/pagedb/views.py@31: Получили model=<CarModel: AC, Cobra>, comments=<django.forms.boundfield.BoundField object at 0x10b492990>, number_plate=5072[0m
INFO pageone.views 11-02-2024 19:01:02 views 4284 123145504301056 /Users/syscom/PycharmProjects/DPL/pageone/views.py@12: Index page accessed[0m
INFO pageone.views 11-02-2024 19:10:42 views 4517 123145491820544 /Users/syscom/PycharmProjects/DPL/pageone/views.py@12: Index page accessed[0m
INFO pageone.views 11-02-2024 21:26:49 views 7321 123145568579584 /Users/syscom/PycharmProjects/DPL/pageone/views.py@12: Index page accessed[0m
INFO pageone.views 11-02-2024 21:48:32 views 7747 123145436528640 /Users/syscom/PycharmProjects/DPL/pageone/views.py@12: Index page accessed[0m
INFO pagetwo.views 11-02-2024 21:48:58 views 7747 123145436528640 /Users/syscom/PycharmProjects/DPL/pagetwo/views.py@12: Car page accessed[0m
INFO pageone.views 11-02-2024 21:53:37 views 7888 123145378418688 /Users/syscom/PycharmProjects/DPL/pageone/views.py@12: Index page accessed[0m
INFO pagetwo.views 11-02-2024 21:53:43 views 7888 123145378418688 /Users/syscom/PycharmProjects/DPL/pagetwo/views.py@12: Car page accessed[0m
INFO pagetwo.views 11-02-2024 21:54:34 views 7888 123145378418688 /Users/syscom/PycharmProjects/DPL/pagetwo/views.py@12: Car page accessed[0m
INFO pagetwo.views 11-02-2024 21:54:34 views 7888 123145378418688 /Users/syscom/PycharmProjects/DPL/pagetwo/views.py@22: Получили model=<CarModel: Bentley, Continental>, comments=<django.forms.boundfield.BoundField object at 0x107fb4610>, number_plate=5069[0m
INFO pagetwo.views 11-02-2024 22:01:17 views 7888 123145378418688 /Users/syscom/PycharmProjects/DPL/pagetwo/views.py@12: Car page accessed[0m
INFO pagetwo.views 11-02-2024 22:01:17 views 7888 123145378418688 /Users/syscom/PycharmProjects/DPL/pagetwo/views.py@22: Получили model=<CarModel: Bentley, Continental>, comments=<django.forms.boundfield.BoundField object at 0x107f3cbd0>, number_plate=5098[0m
INFO pageone.views 11-02-2024 22:05:46 views 7888 123145378418688 /Users/syscom/PycharmProjects/DPL/pageone/views.py@12: Index page accessed[0m
INFO pageone.views 11-02-2024 22:07:25 views 8128 123145388367872 /Users/syscom/PycharmProjects/DPL/pageone/views.py@12: Index page accessed[0m
INFO pagetwo.views 11-02-2024 22:07:30 views 8128 123145388367872 /Users/syscom/PycharmProjects/DPL/pagetwo/views.py@12: Car page accessed[0m
INFO pageone.views 11-02-2024 22:12:33 views 8192 123145512689664 /Users/syscom/PycharmProjects/DPL/pageone/views.py@12: Index page accessed[0m
INFO pageone.views 11-02-2024 22:20:14 views 8192 123145512689664 /Users/syscom/PycharmProjects/DPL/pageone/views.py@12: Index page accessed[0m
INFO pageone.views 11-02-2024 22:20:19 views 8192 123145512689664 /Users/syscom/PycharmProjects/DPL/pageone/views.py@12: Index page accessed[0m
INFO pagetwo.views 11-02-2024 22:20:20 views 8192 123145529479168 /Users/syscom/PycharmProjects/DPL/pagetwo/views.py@12: Car page accessed[0m
INFO pageone.views 11-02-2024 22:24:08 views 8192 123145512689664 /Users/syscom/PycharmProjects/DPL/pageone/views.py@12: Index page accessed[0m
INFO pagetwo.views 11-02-2024 22:24:12 views 8192 123145512689664 /Users/syscom/PycharmProjects/DPL/pagetwo/views.py@12: Car page accessed[0m
INFO pagetwo.views 11-02-2024 22:24:16 views 8192 123145512689664 /Users/syscom/PycharmProjects/DPL/pagetwo/views.py@12: Car page accessed[0m
INFO pageone.views 11-02-2024 22:24:41 views 8192 123145546268672 /Users/syscom/PycharmProjects/DPL/pageone/views.py@12: Index page accessed[0m
INFO pagetwo.views 11-02-2024 22:24:45 views 8192 123145546268672 /Users/syscom/PycharmProjects/DPL/pagetwo/views.py@12: Car page accessed[0m
INFO pageone.views 12-02-2024 09:01:15 views 8888 123145403097088 /Users/syscom/PycharmProjects/DPL/pageone/views.py@12: Index page accessed[0m
INFO pagetwo.views 12-02-2024 09:01:16 views 8888 123145403097088 /Users/syscom/PycharmProjects/DPL/pagetwo/views.py@12: Car page accessed[0m
INFO pageone.views 12-02-2024 11:59:50 views 11399 123145414033408 /Users/syscom/PycharmProjects/DPL/pageone/views.py@12: Index page accessed[0m
INFO pageone.views 15-02-2024 17:17:52 views 62105 123145363296256 /Users/syscom/PycharmProjects/DPL/pageone/views.py@12: Index page accessed[0m
INFO pagetwo.views 15-02-2024 17:17:58 views 62105 123145363296256 /Users/syscom/PycharmProjects/DPL/pagetwo/views.py@12: Car page accessed[0m
INFO pagetwo.views 15-02-2024 17:22:05 views 62194 123145568657408 /Users/syscom/PycharmProjects/DPL/pagetwo/views.py@12: Car page accessed[0m
INFO pagetwo.views 15-02-2024 17:22:30 views 62194 123145568657408 /Users/syscom/PycharmProjects/DPL/pagetwo/views.py@12: Car page accessed[0m
INFO pagetwo.views 15-02-2024 17:22:52 views 62194 123145602236416 /Users/syscom/PycharmProjects/DPL/pagetwo/views.py@12: Car page accessed[0m
INFO pagetwo.views 15-02-2024 20:05:58 views 63895 123145558454272 /Users/syscom/PycharmProjects/DPL/pagetwo/views.py@12: Car page accessed[0m
INFO pageone.views 15-02-2024 20:06:39 views 63895 123145592033280 /Users/syscom/PycharmProjects/DPL/pageone/views.py@12: Index page accessed[0m
INFO pagetwo.views 15-02-2024 20:06:40 views 63895 123145592033280 /Users/syscom/PycharmProjects/DPL/pagetwo/views.py@12: Car page accessed[0m
INFO pagetwo.views 15-02-2024 20:08:03 views 63895 123145558454272 /Users/syscom/PycharmProjects/DPL/pagetwo/views.py@12: Car page accessed[0m
INFO pagetwo.views 15-02-2024 20:08:03 views 63895 123145558454272 /Users/syscom/PycharmProjects/DPL/pagetwo/views.py@22: Получили model=<CarModel: Chevrolet, Nova>, comments=<django.forms.boundfield.BoundField object at 0x2694e7310>, number_plate='номер 10'[0m
INFO pagetwo.views 15-02-2024 20:08:33 views 63895 123145558454272 /Users/syscom/PycharmProjects/DPL/pagetwo/views.py@12: Car page accessed[0m
INFO pagetwo.views 15-02-2024 20:08:33 views 63895 123145558454272 /Users/syscom/PycharmProjects/DPL/pagetwo/views.py@22: Получили model=<CarModel: Chevrolet, Nova>, comments=<django.forms.boundfield.BoundField object at 0x2680fb890>, number_plate='номер 72'[0m
INFO pageone.views 15-02-2024 20:11:15 views 63982 123145537216512 /Users/syscom/PycharmProjects/DPL/pageone/views.py@12: Index page accessed[0m
INFO pagetwo.views 15-02-2024 20:11:17 views 63982 123145537216512 /Users/syscom/PycharmProjects/DPL/pagetwo/views.py@12: Car page accessed[0m
INFO pagetwo.views 15-02-2024 20:11:37 views 63982 123145537216512 /Users/syscom/PycharmProjects/DPL/pagetwo/views.py@12: Car page accessed[0m
INFO pagetwo.views 15-02-2024 20:11:37 views 63982 123145537216512 /Users/syscom/PycharmProjects/DPL/pagetwo/views.py@22: Получили model=<CarModel: Acura, CL>, comments=<django.forms.boundfield.BoundField object at 0x26c5c9c50>, number_plate='номер 33'[0m
INFO pageone.views 15-02-2024 20:16:40 views 64068 123145373835264 /Users/syscom/PycharmProjects/DPL/pageone/views.py@12: Index page accessed[0m
INFO pagetwo.views 15-02-2024 20:16:42 views 64068 123145373835264 /Users/syscom/PycharmProjects/DPL/pagetwo/views.py@12: Car page accessed[0m
INFO pagetwo.views 15-02-2024 20:17:11 views 64068 123145373835264 /Users/syscom/PycharmProjects/DPL/pagetwo/views.py@12: Car page accessed[0m
INFO pagetwo.views 15-02-2024 20:17:11 views 64068 123145373835264 /Users/syscom/PycharmProjects/DPL/pagetwo/views.py@22: Получили model=<CarModel: Chevrolet, Niva>, comments=<django.forms.boundfield.BoundField object at 0x272fe2410>, number_plate='номер 51'[0m
INFO pagetwo.views 15-02-2024 20:18:23 views 64105 123145354633216 /Users/syscom/PycharmProjects/DPL/pagetwo/views.py@12: Car page accessed[0m
INFO pagetwo.views 15-02-2024 20:18:23 views 64105 123145354633216 /Users/syscom/PycharmProjects/DPL/pagetwo/views.py@22: Получили model=<CarModel: Chevrolet, Niva>, comments=<django.forms.boundfield.BoundField object at 0x26b00e850>, number_plate='номер 29'[0m
INFO pageone.views 15-02-2024 20:18:24 views 64105 123145354633216 /Users/syscom/PycharmProjects/DPL/pageone/views.py@12: Index page accessed[0m
INFO pageone.views 15-02-2024 22:13:07 views 64833 123145474363392 /Users/syscom/PycharmProjects/DPL/pageone/views.py@12: Index page accessed[0m
INFO pagetwo.views 15-02-2024 22:13:09 views 64833 123145474363392 /Users/syscom/PycharmProjects/DPL/pagetwo/views.py@12: Car page accessed[0m
INFO pagetwo.views 15-02-2024 22:13:36 views 64833 123145474363392 /Users/syscom/PycharmProjects/DPL/pagetwo/views.py@12: Car page accessed[0m
INFO pagetwo.views 15-02-2024 22:13:36 views 64833 123145474363392 /Users/syscom/PycharmProjects/DPL/pagetwo/views.py@22: Получили model=<CarModel: Bentley, Continental GT>, comments=<django.forms.boundfield.BoundField object at 0x276597c90>, number_plate='номер 61'[0m
INFO pagetwo.views 15-02-2024 22:16:19 views 64885 123145512026112 /Users/syscom/PycharmProjects/DPL/pagetwo/views.py@12: Car page accessed[0m
INFO pagetwo.views 15-02-2024 22:16:19 views 64885 123145512026112 /Users/syscom/PycharmProjects/DPL/pagetwo/views.py@22: Получили model=<CarModel: Bentley, Continental GT>, comments=<django.forms.boundfield.BoundField object at 0x272fd8990>, number_plate='номер 38'[0m
INFO pageone.views 15-02-2024 22:17:50 views 64885 123145512026112 /Users/syscom/PycharmProjects/DPL/pageone/views.py@12: Index page accessed[0m
INFO pagetwo.views 15-02-2024 22:17:55 views 64885 123145512026112 /Users/syscom/PycharmProjects/DPL/pagetwo/views.py@12: Car page accessed[0m
INFO pagetwo.views 15-02-2024 22:18:46 views 64920 123145391837184 /Users/syscom/PycharmProjects/DPL/pagetwo/views.py@12: Car page accessed[0m
INFO pagetwo.views 15-02-2024 22:18:46 views 64920 123145391837184 /Users/syscom/PycharmProjects/DPL/pagetwo/views.py@22: Получили model=<CarModel: BMW, 1M>, comments=<django.forms.boundfield.BoundField object at 0x27729fc50>, number_plate='номер 86'[0m
INFO pagetwo.views 15-02-2024 22:20:41 views 64950 123145433919488 /Users/syscom/PycharmProjects/DPL/pagetwo/views.py@12: Car page accessed[0m
INFO pagetwo.views 15-02-2024 22:20:42 views 64950 123145433919488 /Users/syscom/PycharmProjects/DPL/pagetwo/views.py@22: Получили model=<CarModel: BMW, 1M>, comments=<django.forms.boundfield.BoundField object at 0x26a71a550>, number_plate='номер 53'[0m
INFO pageone.views 15-02-2024 22:27:45 views 65071 123145398231040 /Users/syscom/PycharmProjects/DPL/pageone/views.py@12: Index page accessed[0m
INFO pagetwo.views 15-02-2024 22:27:48 views 65071 123145398231040 /Users/syscom/PycharmProjects/DPL/pagetwo/views.py@12: Car page accessed[0m
INFO pagetwo.views 15-02-2024 22:28:08 views 65071 123145398231040 /Users/syscom/PycharmProjects/DPL/pagetwo/views.py@12: Car page accessed[0m
INFO pagetwo.views 15-02-2024 22:28:08 views 65071 123145398231040 /Users/syscom/PycharmProjects/DPL/pagetwo/views.py@22: Получили model=<CarModel: Buick, Regal>, comments=<django.forms.boundfield.BoundField object at 0x1042d1050>, number_plate='номер 41'[0m
INFO pagetwo.views 15-02-2024 22:30:49 views 65127 123145546506240 /Users/syscom/PycharmProjects/DPL/pagetwo/views.py@13: Car page accessed[0m
INFO pagetwo.views 15-02-2024 22:30:49 views 65127 123145546506240 /Users/syscom/PycharmProjects/DPL/pagetwo/views.py@23: Получили model=<CarModel: Buick, Regal>, comments=<django.forms.boundfield.BoundField object at 0x26a552850>, number_plate='номер 94'[0m
INFO pageone.views 15-02-2024 22:30:52 views 65127 123145546506240 /Users/syscom/PycharmProjects/DPL/pageone/views.py@12: Index page accessed[0m
INFO pagetwo.views 15-02-2024 22:32:55 views 65127 123145546506240 /Users/syscom/PycharmProjects/DPL/pagetwo/views.py@13: Car page accessed[0m
INFO pagetwo.views 15-02-2024 22:33:28 views 65127 123145546506240 /Users/syscom/PycharmProjects/DPL/pagetwo/views.py@13: Car page accessed[0m
INFO pagetwo.views 15-02-2024 22:33:28 views 65127 123145546506240 /Users/syscom/PycharmProjects/DPL/pagetwo/views.py@23: Получили model=<CarModel: Aston Martin, Virage>, comments=<django.forms.boundfield.BoundField object at 0x26a79b8d0>, number_plate='номер 34'[0m
INFO pageone.views 15-02-2024 22:33:33 views 65127 123145546506240 /Users/syscom/PycharmProjects/DPL/pageone/views.py@12: Index page accessed[0m
INFO pagetwo.views 15-02-2024 22:39:17 views 65284 123145416519680 /Users/syscom/PycharmProjects/DPL/pagetwo/views.py@13: Car page accessed[0m
INFO pagetwo.views 15-02-2024 22:40:13 views 65284 123145416519680 /Users/syscom/PycharmProjects/DPL/pagetwo/views.py@13: Car page accessed[0m
INFO pagetwo.views 15-02-2024 22:40:13 views 65284 123145416519680 /Users/syscom/PycharmProjects/DPL/pagetwo/views.py@23: Получили model=<CarModel: Acura, EL>, comments=<django.forms.boundfield.BoundField object at 0x2778d6f10>, number_plate='номер 53'[0m
INFO pageone.views 15-02-2024 22:40:18 views 65284 123145416519680 /Users/syscom/PycharmProjects/DPL/pageone/views.py@12: Index page accessed[0m
INFO pageone.views 16-02-2024 11:27:11 views 66511 123145501364224 /Users/syscom/PycharmProjects/DPL/pageone/views.py@12: Index page accessed[0m
INFO pagetwo.views 16-02-2024 11:27:14 views 66511 123145501364224 /Users/syscom/PycharmProjects/DPL/pagetwo/views.py@15: Car page accessed[0m
INFO pageone.views 16-02-2024 11:27:36 views 66511 123145501364224 /Users/syscom/PycharmProjects/DPL/pageone/views.py@12: Index page accessed[0m
INFO pageone.views 16-02-2024 11:30:32 views 66614 123145455878144 /Users/syscom/PycharmProjects/DPL/pageone/views.py@17: Contacts page accessed[0m
INFO pageone.views 16-02-2024 11:30:35 views 66614 123145455878144 /Users/syscom/PycharmProjects/DPL/pageone/views.py@12: Index page accessed[0m
INFO pageone.views 16-02-2024 12:00:34 views 67063 123145341775872 /Users/syscom/PycharmProjects/DPL/pageone/views.py@12: Index page accessed[0m
INFO pagetwo.views 16-02-2024 12:00:36 views 67063 123145341775872 /Users/syscom/PycharmProjects/DPL/pagetwo/views.py@15: Car page accessed[0m
INFO pageone.views 16-02-2024 12:00:59 views 67063 123145341775872 /Users/syscom/PycharmProjects/DPL/pageone/views.py@12: Index page accessed[0m
INFO pageone.views 17-02-2024 01:02:53 views 78946 123145588883456 /Users/syscom/PycharmProjects/DPL/pageone/views.py@10: Index page accessed[0m
INFO pageone.views 17-02-2024 01:03:56 views 78946 123145605672960 /Users/syscom/PycharmProjects/DPL/pageone/views.py@15: Contacts page accessed[0m
INFO pageone.views 17-02-2024 14:55:15 views 7261 123145365946368 /Users/syscom/PycharmProjects/DPL/pageone/views.py@10: Index page accessed[0m
INFO pageone.views 17-02-2024 16:12:01 views 8203 123145469345792 /Users/syscom/PycharmProjects/DPL/pageone/views.py@15: Contacts page accessed[0m
INFO pageone.views 17-02-2024 22:36:12 views 12959 123145391984640 /Users/syscom/PycharmProjects/DPL/pageone/views.py@10: Index page accessed[0m
INFO pagetwo.views 17-02-2024 22:36:15 views 12959 123145408774144 /Users/syscom/PycharmProjects/DPL/pagetwo/views.py@14: Car page accessed[0m
INFO pageone.views 17-02-2024 22:36:43 views 12959 123145408774144 /Users/syscom/PycharmProjects/DPL/pageone/views.py@10: Index page accessed[0m
INFO pagetwo.views 17-02-2024 22:36:47 views 12959 123145408774144 /Users/syscom/PycharmProjects/DPL/pagetwo/views.py@14: Car page accessed[0m
INFO pagetwo.views 17-02-2024 22:37:19 views 12977 123145528795136 /Users/syscom/PycharmProjects/DPL/pagetwo/views.py@14: Car page accessed[0m
INFO pagetwo.views 17-02-2024 22:37:45 views 12977 123145528795136 /Users/syscom/PycharmProjects/DPL/pagetwo/views.py@14: Car page accessed[0m
INFO pagetwo.views 17-02-2024 22:37:45 views 12977 123145528795136 /Users/syscom/PycharmProjects/DPL/pagetwo/views.py@24: Получили model=<CarModel: Alpina, B7>, comments=<django.forms.boundfield.BoundField object at 0x26df46f90>, number_plate='номер 81'[0m
INFO pageone.views 17-02-2024 22:37:48 views 12977 123145528795136 /Users/syscom/PycharmProjects/DPL/pageone/views.py@10: Index page accessed[0m
INFO pageone.views 17-02-2024 23:29:33 views 13037 123145413005312 /Users/syscom/PycharmProjects/DPL/pageone/views.py@10: Index page accessed[0m
INFO pageone.views 20-02-2024 16:30:47 views 11401 123145462677504 /Users/syscom/PycharmProjects/DPL/pageone/views.py@10: Index page accessed[0m
INFO pagetwo.views 20-02-2024 16:31:08 views 11401 123145479467008 /Users/syscom/PycharmProjects/DPL/pagetwo/views.py@14: Car page accessed[0m
INFO pageone.views 20-02-2024 16:31:17 views 11401 123145462677504 /Users/syscom/PycharmProjects/DPL/pageone/views.py@15: Contacts page accessed[0m
INFO pageone.views 20-02-2024 16:34:43 views 11401 123145462677504 /Users/syscom/PycharmProjects/DPL/pageone/views.py@15: Contacts page accessed[0m
INFO pageone.views 20-02-2024 16:34:45 views 11401 123145462677504 /Users/syscom/PycharmProjects/DPL/pageone/views.py@15: Contacts page accessed[0m
INFO pageone.views 20-02-2024 16:34:46 views 11401 123145462677504 /Users/syscom/PycharmProjects/DPL/pageone/views.py@10: Index page accessed[0m
INFO pageone.views 20-02-2024 16:34:49 views 11401 123145462677504 /Users/syscom/PycharmProjects/DPL/pageone/views.py@10: Index page accessed[0m
INFO pageone.views 20-02-2024 16:35:10 views 11479 123145441783808 /Users/syscom/PycharmProjects/DPL/pageone/views.py@10: Index page accessed[0m
INFO pageone.views 20-02-2024 16:35:12 views 11479 123145441783808 /Users/syscom/PycharmProjects/DPL/pageone/views.py@10: Index page accessed[0m
INFO pageone.views 20-02-2024 16:35:40 views 11479 123145475362816 /Users/syscom/PycharmProjects/DPL/pageone/views.py@10: Index page accessed[0m
INFO pageone.views 20-02-2024 16:36:18 views 11479 123145475362816 /Users/syscom/PycharmProjects/DPL/pageone/views.py@10: Index page accessed[0m
INFO pageone.views 20-02-2024 16:36:22 views 11479 123145475362816 /Users/syscom/PycharmProjects/DPL/pageone/views.py@10: Index page accessed[0m
INFO pageone.views 20-02-2024 16:38:02 views 11479 123145475362816 /Users/syscom/PycharmProjects/DPL/pageone/views.py@10: Index page accessed[0m
INFO pageone.views 20-02-2024 16:38:18 views 11479 123145492152320 /Users/syscom/PycharmProjects/DPL/pageone/views.py@15: Contacts page accessed[0m
INFO pageone.views 20-02-2024 16:40:52 views 11479 123145492152320 /Users/syscom/PycharmProjects/DPL/pageone/views.py@15: Contacts page accessed[0m
INFO pageone.views 20-02-2024 16:41:56 views 11479 123145492152320 /Users/syscom/PycharmProjects/DPL/pageone/views.py@15: Contacts page accessed[0m
INFO pageone.views 20-02-2024 16:42:02 views 11479 123145492152320 /Users/syscom/PycharmProjects/DPL/pageone/views.py@10: Index page accessed[0m
INFO pageone.views 20-02-2024 16:43:42 views 11479 123145492152320 /Users/syscom/PycharmProjects/DPL/pageone/views.py@10: Index page accessed[0m
INFO pageone.views 20-02-2024 16:47:04 views 11479 123145492152320 /Users/syscom/PycharmProjects/DPL/pageone/views.py@10: Index page accessed[0m
INFO pageone.views 20-02-2024 16:47:07 views 11479 123145492152320 /Users/syscom/PycharmProjects/DPL/pageone/views.py@15: Contacts page accessed[0m
INFO pageone.views 20-02-2024 16:47:08 views 11479 123145492152320 /Users/syscom/PycharmProjects/DPL/pageone/views.py@15: Contacts page accessed[0m
INFO pageone.views 20-02-2024 16:47:19 views 11479 123145525731328 /Users/syscom/PycharmProjects/DPL/pageone/views.py@10: Index page accessed[0m
INFO pageone.views 20-02-2024 16:48:01 views 11479 123145458573312 /Users/syscom/PycharmProjects/DPL/pageone/views.py@10: Index page accessed[0m
INFO pageone.views 20-02-2024 17:16:14 views 11479 123145441783808 /Users/syscom/PycharmProjects/DPL/pageone/views.py@10: Index page accessed[0m
INFO pagetwo.views 20-02-2024 17:16:17 views 11479 123145441783808 /Users/syscom/PycharmProjects/DPL/pagetwo/views.py@14: Car page accessed[0m
INFO pageone.views 20-02-2024 17:16:24 views 11479 123145441783808 /Users/syscom/PycharmProjects/DPL/pageone/views.py@15: Contacts page accessed[0m
INFO pageone.views 20-02-2024 17:16:55 views 11479 123145441783808 /Users/syscom/PycharmProjects/DPL/pageone/views.py@10: Index page accessed[0m
INFO pageone.views 20-02-2024 17:20:23 views 11479 123145458573312 /Users/syscom/PycharmProjects/DPL/pageone/views.py@10: Index page accessed[0m
INFO pagetwo.views 20-02-2024 17:20:26 views 11479 123145458573312 /Users/syscom/PycharmProjects/DPL/pagetwo/views.py@14: Car page accessed[0m
INFO pagetwo.views 20-02-2024 17:20:31 views 11479 123145458573312 /Users/syscom/PycharmProjects/DPL/pagetwo/views.py@14: Car page accessed[0m
INFO pageone.views 20-02-2024 17:20:37 views 11479 123145458573312 /Users/syscom/PycharmProjects/DPL/pageone/views.py@15: Contacts page accessed[0m
INFO pageone.views 20-02-2024 17:20:39 views 11479 123145458573312 /Users/syscom/PycharmProjects/DPL/pageone/views.py@15: Contacts page accessed[0m
INFO pageone.views 20-02-2024 17:20:45 views 11479 123145458573312 /Users/syscom/PycharmProjects/DPL/pageone/views.py@10: Index page accessed[0m
INFO pageone.views 20-02-2024 17:46:27 views 11479 123145441783808 /Users/syscom/PycharmProjects/DPL/pageone/views.py@10: Index page accessed[0m
INFO pageone.views 20-02-2024 17:46:31 views 11479 123145441783808 /Users/syscom/PycharmProjects/DPL/pageone/views.py@10: Index page accessed[0m
INFO pageone.views 20-02-2024 17:46:34 views 11479 123145441783808 /Users/syscom/PycharmProjects/DPL/pageone/views.py@15: Contacts page accessed[0m
INFO pagetwo.views 20-02-2024 17:46:47 views 11479 123145441783808 /Users/syscom/PycharmProjects/DPL/pagetwo/views.py@14: Car page accessed[0m
INFO pagetwo.views 20-02-2024 17:47:40 views 11479 123145441783808 /Users/syscom/PycharmProjects/DPL/pagetwo/views.py@14: Car page accessed[0m
INFO pageone.views 20-02-2024 17:47:45 views 11479 123145441783808 /Users/syscom/PycharmProjects/DPL/pageone/views.py@10: Index page accessed[0m
INFO pageone.views 20-02-2024 17:47:53 views 11479 123145441783808 /Users/syscom/PycharmProjects/DPL/pageone/views.py@15: Contacts page accessed[0m
INFO pageone.views 20-02-2024 17:48:03 views 11479 123145441783808 /Users/syscom/PycharmProjects/DPL/pageone/views.py@10: Index page accessed[0m
INFO pagetwo.views 20-02-2024 17:48:04 views 11479 123145441783808 /Users/syscom/PycharmProjects/DPL/pagetwo/views.py@14: Car page accessed[0m
INFO pageone.views 20-02-2024 17:51:29 views 11479 123145441783808 /Users/syscom/PycharmProjects/DPL/pageone/views.py@10: Index page accessed[0m
INFO pageone.views 20-02-2024 17:51:31 views 11479 123145441783808 /Users/syscom/PycharmProjects/DPL/pageone/views.py@10: Index page accessed[0m
INFO pageone.views 20-02-2024 17:51:47 views 11479 123145441783808 /Users/syscom/PycharmProjects/DPL/pageone/views.py@15: Contacts page accessed[0m
INFO pageone.views 20-02-2024 17:52:36 views 11479 123145441783808 /Users/syscom/PycharmProjects/DPL/pageone/views.py@15: Contacts page accessed[0m
INFO pageone.views 20-02-2024 17:52:38 views 11479 123145441783808 /Users/syscom/PycharmProjects/DPL/pageone/views.py@15: Contacts page accessed[0m
INFO pageone.views 20-02-2024 17:52:41 views 11479 123145441783808 /Users/syscom/PycharmProjects/DPL/pageone/views.py@10: Index page accessed[0m
INFO pageone.views 20-02-2024 17:53:50 views 11479 123145441783808 /Users/syscom/PycharmProjects/DPL/pageone/views.py@15: Contacts page accessed[0m
INFO pageone.views 20-02-2024 17:58:24 views 11479 123145441783808 /Users/syscom/PycharmProjects/DPL/pageone/views.py@15: Contacts page accessed[0m
INFO pageone.views 20-02-2024 17:58:25 views 11479 123145441783808 /Users/syscom/PycharmProjects/DPL/pageone/views.py@15: Contacts page accessed[0m
INFO pageone.views 20-02-2024 17:58:26 views 11479 123145441783808 /Users/syscom/PycharmProjects/DPL/pageone/views.py@15: Contacts page accessed[0m
INFO pageone.views 20-02-2024 17:58:26 views 11479 123145441783808 /Users/syscom/PycharmProjects/DPL/pageone/views.py@15: Contacts page accessed[0m
INFO pageone.views 20-02-2024 18:02:30 views 11479 123145441783808 /Users/syscom/PycharmProjects/DPL/pageone/views.py@15: Contacts page accessed[0m
INFO pageone.views 20-02-2024 18:04:52 views 11479 123145441783808 /Users/syscom/PycharmProjects/DPL/pageone/views.py@15: Contacts page accessed[0m
INFO pageone.views 20-02-2024 18:04:56 views 11479 123145441783808 /Users/syscom/PycharmProjects/DPL/pageone/views.py@10: Index page accessed[0m
INFO pagetwo.views 20-02-2024 18:05:10 views 11479 123145441783808 /Users/syscom/PycharmProjects/DPL/pagetwo/views.py@14: Car page accessed[0m
INFO pagetwo.views 20-02-2024 18:06:12 views 11479 123145441783808 /Users/syscom/PycharmProjects/DPL/pagetwo/views.py@14: Car page accessed[0m
INFO pageone.views 20-02-2024 18:06:19 views 11479 123145441783808 /Users/syscom/PycharmProjects/DPL/pageone/views.py@10: Index page accessed[0m
INFO pageone.views 20-02-2024 18:08:18 views 11479 123145475362816 /Users/syscom/PycharmProjects/DPL/pageone/views.py@10: Index page accessed[0m
INFO pageone.views 20-02-2024 18:08:19 views 11479 123145475362816 /Users/syscom/PycharmProjects/DPL/pageone/views.py@15: Contacts page accessed[0m
INFO pagetwo.views 20-02-2024 18:08:22 views 11479 123145475362816 /Users/syscom/PycharmProjects/DPL/pagetwo/views.py@14: Car page accessed[0m
